<?xml version="1.0" encoding="UTF-8" standalone="no"?>
<!DOCTYPE log SYSTEM "logger.dtd">
<log>
<record>
  <date>2018-08-31T14:30:37</date>
  <millis>1535700637714</millis>
  <sequence>0</sequence>
  <level>START</level>
  <class>com.kms.katalon.core.logging.KeywordLogger</class>
  <method>startSuite</method>
  <thread>1</thread>
  <message>Start Test Suite : Test Suites/Login</message>
  <nestedLevel>0</nestedLevel>
  <property name="name">Login</property>
  <property name="description"></property>
  <property name="id">Test Suites/Login</property>
</record>
<record>
  <date>2018-08-31T14:30:38</date>
  <millis>1535700638082</millis>
  <sequence>1</sequence>
  <level>RUN_DATA</level>
  <class>com.kms.katalon.core.logging.KeywordLogger</class>
  <method>logMessage</method>
  <thread>1</thread>
  <message>Logging run data &amp;apos;hostName&amp;apos; with value &amp;apos;user - user-PC&amp;apos;</message>
  <nestedLevel>0</nestedLevel>
  <property name="hostName">user - user-PC</property>
</record>
<record>
  <date>2018-08-31T14:30:38</date>
  <millis>1535700638181</millis>
  <sequence>2</sequence>
  <level>RUN_DATA</level>
  <class>com.kms.katalon.core.logging.KeywordLogger</class>
  <method>logMessage</method>
  <thread>1</thread>
  <message>Logging run data &amp;apos;os&amp;apos; with value &amp;apos;Windows 7 64bit&amp;apos;</message>
  <nestedLevel>0</nestedLevel>
  <property name="os">Windows 7 64bit</property>
</record>
<record>
  <date>2018-08-31T14:30:38</date>
  <millis>1535700638183</millis>
  <sequence>3</sequence>
  <level>RUN_DATA</level>
  <class>com.kms.katalon.core.logging.KeywordLogger</class>
  <method>logMessage</method>
  <thread>1</thread>
  <message>Logging run data &amp;apos;hostAddress&amp;apos; with value &amp;apos;172.16.142.63&amp;apos;</message>
  <nestedLevel>0</nestedLevel>
  <property name="hostAddress">172.16.142.63</property>
</record>
<record>
  <date>2018-08-31T14:30:38</date>
  <millis>1535700638185</millis>
  <sequence>4</sequence>
  <level>RUN_DATA</level>
  <class>com.kms.katalon.core.logging.KeywordLogger</class>
  <method>logMessage</method>
  <thread>1</thread>
  <message>Logging run data &amp;apos;katalonVersion&amp;apos; with value &amp;apos;5.6.0.1&amp;apos;</message>
  <nestedLevel>0</nestedLevel>
  <property name="katalonVersion">5.6.0.1</property>
</record>
<record>
  <date>2018-08-31T14:30:39</date>
  <millis>1535700639637</millis>
  <sequence>5</sequence>
  <level>START</level>
  <class>com.kms.katalon.core.logging.KeywordLogger</class>
  <method>startTest</method>
  <thread>1</thread>
  <message>Start Test Case : Test Cases/OpenBrowser</message>
  <nestedLevel>1</nestedLevel>
  <property name="name">Test Cases/OpenBrowser</property>
  <property name="description"></property>
  <property name="id">Test Cases/OpenBrowser</property>
  <property name="source">C:\\Users\\user\\git\\KatalonTest\\Test Cases\\OpenBrowser.tc</property>
  <property name="isOptional">false</property>
</record>
<record>
  <date>2018-08-31T14:30:39</date>
  <millis>1535700639663</millis>
  <sequence>6</sequence>
  <level>INFO</level>
  <class>com.kms.katalon.core.logging.KeywordLogger</class>
  <method>logMessage</method>
  <thread>1</thread>
  <message>Evaluating variables for test case</message>
  <nestedLevel>1</nestedLevel>
</record>
<record>
  <date>2018-08-31T14:30:40</date>
  <millis>1535700640284</millis>
  <sequence>7</sequence>
  <level>START</level>
  <class>com.kms.katalon.core.logging.KeywordLogger</class>
  <method>startKeyword</method>
  <thread>1</thread>
  <message>Start action : openBrowser</message>
  <nestedLevel>1</nestedLevel>
  <property name="startLine">22</property>
  <property name="stepIndex">1</property>
</record>
<record>
  <date>2018-08-31T14:30:41</date>
  <millis>1535700641633</millis>
  <sequence>8</sequence>
  <level>INFO</level>
  <class>com.kms.katalon.core.logging.KeywordLogger</class>
  <method>logMessage</method>
  <thread>1</thread>
  <message>Opening browser</message>
  <nestedLevel>1</nestedLevel>
</record>
<record>
  <date>2018-08-31T14:30:41</date>
  <millis>1535700641719</millis>
  <sequence>9</sequence>
  <level>INFO</level>
  <class>com.kms.katalon.core.logging.KeywordLogger</class>
  <method>logMessage</method>
  <thread>1</thread>
  <message>Starting &amp;apos;Chrome&amp;apos; driver</message>
  <nestedLevel>1</nestedLevel>
</record>
<record>
  <date>2018-08-31T14:30:41</date>
  <millis>1535700641848</millis>
  <sequence>10</sequence>
  <level>INFO</level>
  <class>com.kms.katalon.core.logging.KeywordLogger</class>
  <method>logMessage</method>
  <thread>1</thread>
  <message>Action delay is set to 0 seconds</message>
  <nestedLevel>1</nestedLevel>
</record>
<record>
  <date>2018-08-31T14:31:13</date>
  <millis>1535700673216</millis>
  <sequence>12</sequence>
  <level>RUN_DATA</level>
  <class>com.kms.katalon.core.logging.KeywordLogger</class>
  <method>logMessage</method>
  <thread>1</thread>
  <message>Logging run data &amp;apos;sessionId&amp;apos; with value &amp;apos;89823909f1f466921c9915146c68424f&amp;apos;</message>
  <nestedLevel>1</nestedLevel>
  <property name="sessionId">89823909f1f466921c9915146c68424f</property>
</record>
<record>
  <date>2018-08-31T14:31:14</date>
  <millis>1535700674586</millis>
  <sequence>13</sequence>
  <level>RUN_DATA</level>
  <class>com.kms.katalon.core.logging.KeywordLogger</class>
  <method>logMessage</method>
  <thread>1</thread>
  <message>Logging run data &amp;apos;browser&amp;apos; with value &amp;apos;Chrome 67.0.3396.99&amp;apos;</message>
  <nestedLevel>1</nestedLevel>
  <property name="browser">Chrome 67.0.3396.99</property>
</record>
<record>
  <date>2018-08-31T14:31:14</date>
  <millis>1535700674588</millis>
  <sequence>14</sequence>
  <level>RUN_DATA</level>
  <class>com.kms.katalon.core.logging.KeywordLogger</class>
  <method>logMessage</method>
  <thread>1</thread>
  <message>Logging run data &amp;apos;platform&amp;apos; with value &amp;apos;Windows 7&amp;apos;</message>
  <nestedLevel>1</nestedLevel>
  <property name="platform">Windows 7</property>
</record>
<record>
  <date>2018-08-31T14:31:14</date>
  <millis>1535700674707</millis>
  <sequence>15</sequence>
  <level>RUN_DATA</level>
  <class>com.kms.katalon.core.logging.KeywordLogger</class>
  <method>logMessage</method>
  <thread>1</thread>
  <message>Logging run data &amp;apos;seleniumVersion&amp;apos; with value &amp;apos;3.7.1&amp;apos;</message>
  <nestedLevel>1</nestedLevel>
  <property name="seleniumVersion">3.7.1</property>
</record>
<record>
  <date>2018-08-31T14:31:14</date>
  <millis>1535700674711</millis>
  <sequence>16</sequence>
  <level>RUN_DATA</level>
  <class>com.kms.katalon.core.logging.KeywordLogger</class>
  <method>logMessage</method>
  <thread>1</thread>
  <message>Logging run data &amp;apos;proxyInformation&amp;apos; with value &amp;apos;ProxyInformation{proxyOption=NO_PROXY, proxyServerType=HTTP, password=, proxyServerAddress=, proxyServerPort=0}&amp;apos;</message>
  <nestedLevel>1</nestedLevel>
  <property name="proxyInformation">ProxyInformation{proxyOption=NO_PROXY, proxyServerType=HTTP, password=, proxyServerAddress=, proxyServerPort=0}</property>
</record>
<record>
  <date>2018-08-31T14:31:14</date>
  <millis>1535700674717</millis>
  <sequence>17</sequence>
  <level>INFO</level>
  <class>com.kms.katalon.core.logging.KeywordLogger</class>
  <method>logMessage</method>
  <thread>1</thread>
  <message>Navigating browser to: &amp;apos;https://staging.gramedia.com/&amp;apos;</message>
  <nestedLevel>1</nestedLevel>
</record>
<record>
  <date>2018-08-31T14:31:37</date>
  <millis>1535700697402</millis>
  <sequence>18</sequence>
  <level>PASSED</level>
  <class>com.kms.katalon.core.logging.KeywordLogger</class>
  <method>logMessage</method>
  <thread>1</thread>
  <message>Browser is opened with url: &amp;apos;https://staging.gramedia.com/&amp;apos;</message>
  <nestedLevel>1</nestedLevel>
</record>
<record>
  <date>2018-08-31T14:31:37</date>
  <millis>1535700697403</millis>
  <sequence>19</sequence>
  <level>END</level>
  <class>com.kms.katalon.core.logging.KeywordLogger</class>
  <method>endKeyword</method>
  <thread>1</thread>
  <message>End action : openBrowser</message>
  <nestedLevel>1</nestedLevel>
</record>
<record>
  <date>2018-08-31T14:31:37</date>
  <millis>1535700697405</millis>
  <sequence>20</sequence>
  <level>PASSED</level>
  <class>com.kms.katalon.core.logging.KeywordLogger</class>
  <method>logMessage</method>
  <thread>1</thread>
  <message>Test Cases/OpenBrowser</message>
  <nestedLevel>1</nestedLevel>
</record>
<record>
  <date>2018-08-31T14:31:37</date>
  <millis>1535700697408</millis>
  <sequence>21</sequence>
  <level>END</level>
  <class>com.kms.katalon.core.logging.KeywordLogger</class>
  <method>endTest</method>
  <thread>1</thread>
  <message>End Test Case : Test Cases/OpenBrowser</message>
  <nestedLevel>0</nestedLevel>
</record>
<record>
  <date>2018-08-31T14:31:37</date>
  <millis>1535700697417</millis>
  <sequence>22</sequence>
  <level>START</level>
  <class>com.kms.katalon.core.logging.KeywordLogger</class>
  <method>startTest</method>
  <thread>1</thread>
  <message>Start Test Case : Test Cases/LandingPage/Login</message>
  <nestedLevel>1</nestedLevel>
  <property name="name">Test Cases/LandingPage/Login</property>
  <property name="description"></property>
  <property name="id">Test Cases/LandingPage/Login</property>
  <property name="source">C:\\Users\\user\\git\\KatalonTest\\Test Cases\\LandingPage\\Login.tc</property>
  <property name="isOptional">false</property>
</record>
<record>
  <date>2018-08-31T14:31:37</date>
  <millis>1535700697629</millis>
  <sequence>23</sequence>
  <level>INFO</level>
  <class>com.kms.katalon.core.logging.KeywordLogger</class>
  <method>logMessage</method>
  <thread>1</thread>
  <message>Evaluating variables for test case</message>
  <nestedLevel>1</nestedLevel>
</record>
<record>
  <date>2018-08-31T14:31:37</date>
  <millis>1535700697830</millis>
  <sequence>24</sequence>
  <level>START</level>
  <class>com.kms.katalon.core.logging.KeywordLogger</class>
  <method>startKeyword</method>
  <thread>1</thread>
  <message>Start action : openBrowser</message>
  <nestedLevel>1</nestedLevel>
  <property name="startLine">22</property>
  <property name="stepIndex">1</property>
</record>
<record>
  <date>2018-08-31T14:31:37</date>
  <millis>1535700697832</millis>
  <sequence>25</sequence>
  <level>NOT_RUN</level>
  <class>com.kms.katalon.core.logging.KeywordLogger</class>
  <method>logMessage</method>
  <thread>1</thread>
  <message>NOT_RUN: openBrowser</message>
  <nestedLevel>1</nestedLevel>
</record>
<record>
  <date>2018-08-31T14:31:37</date>
  <millis>1535700697833</millis>
  <sequence>26</sequence>
  <level>END</level>
  <class>com.kms.katalon.core.logging.KeywordLogger</class>
  <method>endKeyword</method>
  <thread>1</thread>
  <message>End action : openBrowser</message>
  <nestedLevel>1</nestedLevel>
</record>
<record>
  <date>2018-08-31T14:31:37</date>
  <millis>1535700697834</millis>
  <sequence>27</sequence>
  <level>START</level>
  <class>com.kms.katalon.core.logging.KeywordLogger</class>
  <method>startKeyword</method>
  <thread>1</thread>
  <message>Start action : waitForElementClickable</message>
  <nestedLevel>1</nestedLevel>
  <property name="startLine">24</property>
  <property name="stepIndex">2</property>
</record>
<record>
  <date>2018-08-31T14:31:37</date>
  <millis>1535700697843</millis>
  <sequence>28</sequence>
  <level>INFO</level>
  <class>com.kms.katalon.core.logging.KeywordLogger</class>
  <method>logMessage</method>
  <thread>1</thread>
  <message>Finding Test Object with id &amp;apos;Object Repository/Page_Toko Buku Online Terbesar  Gra/Landing Page/button_Masuk&amp;apos;</message>
  <nestedLevel>1</nestedLevel>
</record>
<record>
  <date>2018-08-31T14:31:38</date>
  <millis>1535700698248</millis>
  <sequence>29</sequence>
  <level>INFO</level>
  <class>com.kms.katalon.core.logging.KeywordLogger</class>
  <method>logMessage</method>
  <thread>1</thread>
  <message>Checking object</message>
  <nestedLevel>1</nestedLevel>
</record>
<record>
  <date>2018-08-31T14:31:38</date>
  <millis>1535700698249</millis>
  <sequence>30</sequence>
  <level>INFO</level>
  <class>com.kms.katalon.core.logging.KeywordLogger</class>
  <method>logMessage</method>
  <thread>1</thread>
  <message>Checking timeout</message>
  <nestedLevel>1</nestedLevel>
</record>
<record>
  <date>2018-08-31T14:31:38</date>
  <millis>1535700698251</millis>
  <sequence>31</sequence>
  <level>INFO</level>
  <class>com.kms.katalon.core.logging.KeywordLogger</class>
  <method>logMessage</method>
  <thread>1</thread>
  <message>Checking timeout</message>
  <nestedLevel>1</nestedLevel>
</record>
<record>
  <date>2018-08-31T14:31:38</date>
  <millis>1535700698754</millis>
  <sequence>32</sequence>
  <level>INFO</level>
  <class>com.kms.katalon.core.logging.KeywordLogger</class>
  <method>logMessage</method>
  <thread>1</thread>
  <message>Finding web element with id: &amp;apos;Object Repository/Page_Toko Buku Online Terbesar  Gra/Landing Page/button_Masuk&amp;apos; located by &amp;apos;By.xpath: id(\&amp;quot;login-button\&amp;quot;)/button[@class=\&amp;quot;ng-star-inserted\&amp;quot;][count(. | //button[(text() = &amp;apos;\n                Masuk\n            &amp;apos; or . = &amp;apos;\n                Masuk\n            &amp;apos;)]) = count(//button[(text() = &amp;apos;\n                Masuk\n            &amp;apos; or . = &amp;apos;\n                Masuk\n            &amp;apos;)])]&amp;apos; in &amp;apos;4&amp;apos; second(s)</message>
  <nestedLevel>1</nestedLevel>
</record>
<record>
  <date>2018-08-31T14:31:43</date>
  <millis>1535700703948</millis>
  <sequence>33</sequence>
  <level>INFO</level>
  <class>com.kms.katalon.core.logging.KeywordLogger</class>
  <method>logMessage</method>
  <thread>1</thread>
  <message>Found 1 web elements with id: &amp;apos;Object Repository/Page_Toko Buku Online Terbesar  Gra/Landing Page/button_Masuk&amp;apos; located by &amp;apos;By.xpath: id(\&amp;quot;login-button\&amp;quot;)/button[@class=\&amp;quot;ng-star-inserted\&amp;quot;][count(. | //button[(text() = &amp;apos;\n                Masuk\n            &amp;apos; or . = &amp;apos;\n                Masuk\n            &amp;apos;)]) = count(//button[(text() = &amp;apos;\n                Masuk\n            &amp;apos; or . = &amp;apos;\n                Masuk\n            &amp;apos;)])]&amp;apos; in &amp;apos;4&amp;apos; second(s)</message>
  <nestedLevel>1</nestedLevel>
</record>
<record>
  <date>2018-08-31T14:31:44</date>
  <millis>1535700704226</millis>
  <sequence>34</sequence>
  <level>PASSED</level>
  <class>com.kms.katalon.core.logging.KeywordLogger</class>
  <method>logMessage</method>
  <thread>1</thread>
  <message>Object &amp;apos;Object Repository/Page_Toko Buku Online Terbesar  Gra/Landing Page/button_Masuk&amp;apos; is clickable</message>
  <nestedLevel>1</nestedLevel>
</record>
<record>
  <date>2018-08-31T14:31:44</date>
  <millis>1535700704227</millis>
  <sequence>35</sequence>
  <level>END</level>
  <class>com.kms.katalon.core.logging.KeywordLogger</class>
  <method>endKeyword</method>
  <thread>1</thread>
  <message>End action : waitForElementClickable</message>
  <nestedLevel>1</nestedLevel>
</record>
<record>
  <date>2018-08-31T14:31:44</date>
  <millis>1535700704227</millis>
  <sequence>36</sequence>
  <level>START</level>
  <class>com.kms.katalon.core.logging.KeywordLogger</class>
  <method>startKeyword</method>
  <thread>1</thread>
  <message>Start action : click</message>
  <nestedLevel>1</nestedLevel>
  <property name="startLine">26</property>
  <property name="stepIndex">3</property>
</record>
<record>
  <date>2018-08-31T14:31:44</date>
  <millis>1535700704229</millis>
  <sequence>37</sequence>
  <level>INFO</level>
  <class>com.kms.katalon.core.logging.KeywordLogger</class>
  <method>logMessage</method>
  <thread>1</thread>
  <message>Finding Test Object with id &amp;apos;Object Repository/Page_Toko Buku Online Terbesar  Gra/Landing Page/button_Masuk&amp;apos;</message>
  <nestedLevel>1</nestedLevel>
</record>
<record>
  <date>2018-08-31T14:31:44</date>
  <millis>1535700704250</millis>
  <sequence>38</sequence>
  <level>INFO</level>
  <class>com.kms.katalon.core.logging.KeywordLogger</class>
  <method>logMessage</method>
  <thread>1</thread>
  <message>Checking object</message>
  <nestedLevel>1</nestedLevel>
</record>
<record>
  <date>2018-08-31T14:31:44</date>
  <millis>1535700704251</millis>
  <sequence>39</sequence>
  <level>INFO</level>
  <class>com.kms.katalon.core.logging.KeywordLogger</class>
  <method>logMessage</method>
  <thread>1</thread>
  <message>Checking timeout</message>
  <nestedLevel>1</nestedLevel>
</record>
<record>
  <date>2018-08-31T14:31:44</date>
  <millis>1535700704252</millis>
  <sequence>40</sequence>
  <level>INFO</level>
  <class>com.kms.katalon.core.logging.KeywordLogger</class>
  <method>logMessage</method>
  <thread>1</thread>
  <message>Finding web element with id: &amp;apos;Object Repository/Page_Toko Buku Online Terbesar  Gra/Landing Page/button_Masuk&amp;apos; located by &amp;apos;By.xpath: id(\&amp;quot;login-button\&amp;quot;)/button[@class=\&amp;quot;ng-star-inserted\&amp;quot;][count(. | //button[(text() = &amp;apos;\n                Masuk\n            &amp;apos; or . = &amp;apos;\n                Masuk\n            &amp;apos;)]) = count(//button[(text() = &amp;apos;\n                Masuk\n            &amp;apos; or . = &amp;apos;\n                Masuk\n            &amp;apos;)])]&amp;apos; in &amp;apos;30&amp;apos; second(s)</message>
  <nestedLevel>1</nestedLevel>
</record>
<record>
  <date>2018-08-31T14:31:44</date>
  <millis>1535700704403</millis>
  <sequence>41</sequence>
  <level>INFO</level>
  <class>com.kms.katalon.core.logging.KeywordLogger</class>
  <method>logMessage</method>
  <thread>1</thread>
  <message>Found 1 web elements with id: &amp;apos;Object Repository/Page_Toko Buku Online Terbesar  Gra/Landing Page/button_Masuk&amp;apos; located by &amp;apos;By.xpath: id(\&amp;quot;login-button\&amp;quot;)/button[@class=\&amp;quot;ng-star-inserted\&amp;quot;][count(. | //button[(text() = &amp;apos;\n                Masuk\n            &amp;apos; or . = &amp;apos;\n                Masuk\n            &amp;apos;)]) = count(//button[(text() = &amp;apos;\n                Masuk\n            &amp;apos; or . = &amp;apos;\n                Masuk\n            &amp;apos;)])]&amp;apos; in &amp;apos;30&amp;apos; second(s)</message>
  <nestedLevel>1</nestedLevel>
</record>
<record>
  <date>2018-08-31T14:31:44</date>
  <millis>1535700704405</millis>
  <sequence>42</sequence>
  <level>INFO</level>
  <class>com.kms.katalon.core.logging.KeywordLogger</class>
  <method>logMessage</method>
  <thread>1</thread>
  <message>Clicking on object: &amp;apos;Object Repository/Page_Toko Buku Online Terbesar  Gra/Landing Page/button_Masuk&amp;apos;</message>
  <nestedLevel>1</nestedLevel>
</record>
<record>
  <date>2018-08-31T14:31:45</date>
  <millis>1535700705159</millis>
  <sequence>43</sequence>
  <level>PASSED</level>
  <class>com.kms.katalon.core.logging.KeywordLogger</class>
  <method>logMessage</method>
  <thread>1</thread>
  <message>Object: &amp;apos;Object Repository/Page_Toko Buku Online Terbesar  Gra/Landing Page/button_Masuk&amp;apos; is clicked on</message>
  <nestedLevel>1</nestedLevel>
</record>
<record>
  <date>2018-08-31T14:31:45</date>
  <millis>1535700705164</millis>
  <sequence>44</sequence>
  <level>END</level>
  <class>com.kms.katalon.core.logging.KeywordLogger</class>
  <method>endKeyword</method>
  <thread>1</thread>
  <message>End action : click</message>
  <nestedLevel>1</nestedLevel>
</record>
<record>
  <date>2018-08-31T14:31:45</date>
  <millis>1535700705164</millis>
  <sequence>45</sequence>
  <level>START</level>
  <class>com.kms.katalon.core.logging.KeywordLogger</class>
  <method>startKeyword</method>
  <thread>1</thread>
  <message>Start action : waitForElementClickable</message>
  <nestedLevel>1</nestedLevel>
  <property name="startLine">28</property>
  <property name="stepIndex">4</property>
</record>
<record>
  <date>2018-08-31T14:31:45</date>
  <millis>1535700705165</millis>
  <sequence>46</sequence>
  <level>INFO</level>
  <class>com.kms.katalon.core.logging.KeywordLogger</class>
  <method>logMessage</method>
  <thread>1</thread>
  <message>Finding Test Object with id &amp;apos;Object Repository/Page_Toko Buku Online Terbesar  Gra/Landing Page/input_email&amp;apos;</message>
  <nestedLevel>1</nestedLevel>
</record>
<record>
  <date>2018-08-31T14:31:45</date>
  <millis>1535700705215</millis>
  <sequence>47</sequence>
  <level>INFO</level>
  <class>com.kms.katalon.core.logging.KeywordLogger</class>
  <method>logMessage</method>
  <thread>1</thread>
  <message>Checking object</message>
  <nestedLevel>1</nestedLevel>
</record>
<record>
  <date>2018-08-31T14:31:45</date>
  <millis>1535700705215</millis>
  <sequence>48</sequence>
  <level>INFO</level>
  <class>com.kms.katalon.core.logging.KeywordLogger</class>
  <method>logMessage</method>
  <thread>1</thread>
  <message>Checking timeout</message>
  <nestedLevel>1</nestedLevel>
</record>
<record>
  <date>2018-08-31T14:31:45</date>
  <millis>1535700705216</millis>
  <sequence>49</sequence>
  <level>INFO</level>
  <class>com.kms.katalon.core.logging.KeywordLogger</class>
  <method>logMessage</method>
  <thread>1</thread>
  <message>Checking timeout</message>
  <nestedLevel>1</nestedLevel>
</record>
<record>
  <date>2018-08-31T14:31:45</date>
  <millis>1535700705216</millis>
  <sequence>50</sequence>
  <level>INFO</level>
  <class>com.kms.katalon.core.logging.KeywordLogger</class>
  <method>logMessage</method>
  <thread>1</thread>
  <message>Finding web element with id: &amp;apos;Object Repository/Page_Toko Buku Online Terbesar  Gra/Landing Page/input_email&amp;apos; located by &amp;apos;By.xpath: //*[@id=\&amp;quot;mat-input-0\&amp;quot;][count(. | //input[@id = &amp;apos;mat-input-0&amp;apos;]) = count(//input[@id = &amp;apos;mat-input-0&amp;apos;])]&amp;apos; in &amp;apos;2&amp;apos; second(s)</message>
  <nestedLevel>1</nestedLevel>
</record>
<record>
  <date>2018-08-31T14:31:45</date>
  <millis>1535700705551</millis>
  <sequence>51</sequence>
  <level>INFO</level>
  <class>com.kms.katalon.core.logging.KeywordLogger</class>
  <method>logMessage</method>
  <thread>1</thread>
  <message>Found 1 web elements with id: &amp;apos;Object Repository/Page_Toko Buku Online Terbesar  Gra/Landing Page/input_email&amp;apos; located by &amp;apos;By.xpath: //*[@id=\&amp;quot;mat-input-0\&amp;quot;][count(. | //input[@id = &amp;apos;mat-input-0&amp;apos;]) = count(//input[@id = &amp;apos;mat-input-0&amp;apos;])]&amp;apos; in &amp;apos;2&amp;apos; second(s)</message>
  <nestedLevel>1</nestedLevel>
</record>
<record>
  <date>2018-08-31T14:31:45</date>
  <millis>1535700705607</millis>
  <sequence>52</sequence>
  <level>PASSED</level>
  <class>com.kms.katalon.core.logging.KeywordLogger</class>
  <method>logMessage</method>
  <thread>1</thread>
  <message>Object &amp;apos;Object Repository/Page_Toko Buku Online Terbesar  Gra/Landing Page/input_email&amp;apos; is clickable</message>
  <nestedLevel>1</nestedLevel>
</record>
<record>
  <date>2018-08-31T14:31:45</date>
  <millis>1535700705608</millis>
  <sequence>53</sequence>
  <level>END</level>
  <class>com.kms.katalon.core.logging.KeywordLogger</class>
  <method>endKeyword</method>
  <thread>1</thread>
  <message>End action : waitForElementClickable</message>
  <nestedLevel>1</nestedLevel>
</record>
<record>
  <date>2018-08-31T14:31:45</date>
  <millis>1535700705608</millis>
  <sequence>54</sequence>
  <level>START</level>
  <class>com.kms.katalon.core.logging.KeywordLogger</class>
  <method>startKeyword</method>
  <thread>1</thread>
  <message>Start action : click</message>
  <nestedLevel>1</nestedLevel>
  <property name="startLine">30</property>
  <property name="stepIndex">5</property>
</record>
<record>
  <date>2018-08-31T14:31:45</date>
  <millis>1535700705609</millis>
  <sequence>55</sequence>
  <level>INFO</level>
  <class>com.kms.katalon.core.logging.KeywordLogger</class>
  <method>logMessage</method>
  <thread>1</thread>
  <message>Finding Test Object with id &amp;apos;Object Repository/Page_Toko Buku Online Terbesar  Gra/Landing Page/input_email&amp;apos;</message>
  <nestedLevel>1</nestedLevel>
</record>
<record>
  <date>2018-08-31T14:31:45</date>
  <millis>1535700705614</millis>
  <sequence>56</sequence>
  <level>INFO</level>
  <class>com.kms.katalon.core.logging.KeywordLogger</class>
  <method>logMessage</method>
  <thread>1</thread>
  <message>Checking object</message>
  <nestedLevel>1</nestedLevel>
</record>
<record>
  <date>2018-08-31T14:31:45</date>
  <millis>1535700705615</millis>
  <sequence>57</sequence>
  <level>INFO</level>
  <class>com.kms.katalon.core.logging.KeywordLogger</class>
  <method>logMessage</method>
  <thread>1</thread>
  <message>Checking timeout</message>
  <nestedLevel>1</nestedLevel>
</record>
<record>
  <date>2018-08-31T14:31:45</date>
  <millis>1535700705615</millis>
  <sequence>58</sequence>
  <level>INFO</level>
  <class>com.kms.katalon.core.logging.KeywordLogger</class>
  <method>logMessage</method>
  <thread>1</thread>
  <message>Finding web element with id: &amp;apos;Object Repository/Page_Toko Buku Online Terbesar  Gra/Landing Page/input_email&amp;apos; located by &amp;apos;By.xpath: //*[@id=\&amp;quot;mat-input-0\&amp;quot;][count(. | //input[@id = &amp;apos;mat-input-0&amp;apos;]) = count(//input[@id = &amp;apos;mat-input-0&amp;apos;])]&amp;apos; in &amp;apos;30&amp;apos; second(s)</message>
  <nestedLevel>1</nestedLevel>
</record>
<record>
  <date>2018-08-31T14:31:45</date>
  <millis>1535700705682</millis>
  <sequence>59</sequence>
  <level>INFO</level>
  <class>com.kms.katalon.core.logging.KeywordLogger</class>
  <method>logMessage</method>
  <thread>1</thread>
  <message>Found 1 web elements with id: &amp;apos;Object Repository/Page_Toko Buku Online Terbesar  Gra/Landing Page/input_email&amp;apos; located by &amp;apos;By.xpath: //*[@id=\&amp;quot;mat-input-0\&amp;quot;][count(. | //input[@id = &amp;apos;mat-input-0&amp;apos;]) = count(//input[@id = &amp;apos;mat-input-0&amp;apos;])]&amp;apos; in &amp;apos;30&amp;apos; second(s)</message>
  <nestedLevel>1</nestedLevel>
</record>
<record>
  <date>2018-08-31T14:31:45</date>
  <millis>1535700705682</millis>
  <sequence>60</sequence>
  <level>INFO</level>
  <class>com.kms.katalon.core.logging.KeywordLogger</class>
  <method>logMessage</method>
  <thread>1</thread>
  <message>Clicking on object: &amp;apos;Object Repository/Page_Toko Buku Online Terbesar  Gra/Landing Page/input_email&amp;apos;</message>
  <nestedLevel>1</nestedLevel>
</record>
<record>
  <date>2018-08-31T14:31:45</date>
  <millis>1535700705802</millis>
  <sequence>61</sequence>
  <level>PASSED</level>
  <class>com.kms.katalon.core.logging.KeywordLogger</class>
  <method>logMessage</method>
  <thread>1</thread>
  <message>Object: &amp;apos;Object Repository/Page_Toko Buku Online Terbesar  Gra/Landing Page/input_email&amp;apos; is clicked on</message>
  <nestedLevel>1</nestedLevel>
</record>
<record>
  <date>2018-08-31T14:31:45</date>
  <millis>1535700705802</millis>
  <sequence>62</sequence>
  <level>END</level>
  <class>com.kms.katalon.core.logging.KeywordLogger</class>
  <method>endKeyword</method>
  <thread>1</thread>
  <message>End action : click</message>
  <nestedLevel>1</nestedLevel>
</record>
<record>
  <date>2018-08-31T14:31:45</date>
  <millis>1535700705803</millis>
  <sequence>63</sequence>
  <level>START</level>
  <class>com.kms.katalon.core.logging.KeywordLogger</class>
  <method>startKeyword</method>
  <thread>1</thread>
  <message>Start action : setText</message>
  <nestedLevel>1</nestedLevel>
  <property name="startLine">32</property>
  <property name="stepIndex">6</property>
</record>
<record>
  <date>2018-08-31T14:31:45</date>
  <millis>1535700705803</millis>
  <sequence>64</sequence>
  <level>INFO</level>
  <class>com.kms.katalon.core.logging.KeywordLogger</class>
  <method>logMessage</method>
  <thread>1</thread>
  <message>Finding Test Object with id &amp;apos;Object Repository/Page_Toko Buku Online Terbesar  Gra/Landing Page/input_email&amp;apos;</message>
  <nestedLevel>1</nestedLevel>
</record>
<record>
  <date>2018-08-31T14:31:45</date>
  <millis>1535700705830</millis>
  <sequence>65</sequence>
  <level>INFO</level>
  <class>com.kms.katalon.core.logging.KeywordLogger</class>
  <method>logMessage</method>
  <thread>1</thread>
  <message>Checking object</message>
  <nestedLevel>1</nestedLevel>
</record>
<record>
  <date>2018-08-31T14:31:45</date>
  <millis>1535700705830</millis>
  <sequence>66</sequence>
  <level>INFO</level>
  <class>com.kms.katalon.core.logging.KeywordLogger</class>
  <method>logMessage</method>
  <thread>1</thread>
  <message>Checking text</message>
  <nestedLevel>1</nestedLevel>
</record>
<record>
  <date>2018-08-31T14:31:45</date>
  <millis>1535700705830</millis>
  <sequence>67</sequence>
  <level>INFO</level>
  <class>com.kms.katalon.core.logging.KeywordLogger</class>
  <method>logMessage</method>
  <thread>1</thread>
  <message>Checking timeout</message>
  <nestedLevel>1</nestedLevel>
</record>
<record>
  <date>2018-08-31T14:31:45</date>
  <millis>1535700705831</millis>
  <sequence>68</sequence>
  <level>INFO</level>
  <class>com.kms.katalon.core.logging.KeywordLogger</class>
  <method>logMessage</method>
  <thread>1</thread>
  <message>Finding web element with id: &amp;apos;Object Repository/Page_Toko Buku Online Terbesar  Gra/Landing Page/input_email&amp;apos; located by &amp;apos;By.xpath: //*[@id=\&amp;quot;mat-input-0\&amp;quot;][count(. | //input[@id = &amp;apos;mat-input-0&amp;apos;]) = count(//input[@id = &amp;apos;mat-input-0&amp;apos;])]&amp;apos; in &amp;apos;30&amp;apos; second(s)</message>
  <nestedLevel>1</nestedLevel>
</record>
<record>
  <date>2018-08-31T14:31:45</date>
  <millis>1535700705872</millis>
  <sequence>69</sequence>
  <level>INFO</level>
  <class>com.kms.katalon.core.logging.KeywordLogger</class>
  <method>logMessage</method>
  <thread>1</thread>
  <message>Found 1 web elements with id: &amp;apos;Object Repository/Page_Toko Buku Online Terbesar  Gra/Landing Page/input_email&amp;apos; located by &amp;apos;By.xpath: //*[@id=\&amp;quot;mat-input-0\&amp;quot;][count(. | //input[@id = &amp;apos;mat-input-0&amp;apos;]) = count(//input[@id = &amp;apos;mat-input-0&amp;apos;])]&amp;apos; in &amp;apos;30&amp;apos; second(s)</message>
  <nestedLevel>1</nestedLevel>
</record>
<record>
  <date>2018-08-31T14:31:45</date>
  <millis>1535700705873</millis>
  <sequence>70</sequence>
  <level>INFO</level>
  <class>com.kms.katalon.core.logging.KeywordLogger</class>
  <method>logMessage</method>
  <thread>1</thread>
  <message>Clearing text of object &amp;apos;Object Repository/Page_Toko Buku Online Terbesar  Gra/Landing Page/input_email&amp;apos;</message>
  <nestedLevel>1</nestedLevel>
</record>
<record>
  <date>2018-08-31T14:31:45</date>
  <millis>1535700705987</millis>
  <sequence>71</sequence>
  <level>INFO</level>
  <class>com.kms.katalon.core.logging.KeywordLogger</class>
  <method>logMessage</method>
  <thread>1</thread>
  <message>Checking timeout</message>
  <nestedLevel>1</nestedLevel>
</record>
<record>
  <date>2018-08-31T14:31:45</date>
  <millis>1535700705987</millis>
  <sequence>72</sequence>
  <level>INFO</level>
  <class>com.kms.katalon.core.logging.KeywordLogger</class>
  <method>logMessage</method>
  <thread>1</thread>
  <message>Finding web element with id: &amp;apos;Object Repository/Page_Toko Buku Online Terbesar  Gra/Landing Page/input_email&amp;apos; located by &amp;apos;By.xpath: //*[@id=\&amp;quot;mat-input-0\&amp;quot;][count(. | //input[@id = &amp;apos;mat-input-0&amp;apos;]) = count(//input[@id = &amp;apos;mat-input-0&amp;apos;])]&amp;apos; in &amp;apos;30&amp;apos; second(s)</message>
  <nestedLevel>1</nestedLevel>
</record>
<record>
  <date>2018-08-31T14:31:46</date>
  <millis>1535700706078</millis>
  <sequence>73</sequence>
  <level>INFO</level>
  <class>com.kms.katalon.core.logging.KeywordLogger</class>
  <method>logMessage</method>
  <thread>1</thread>
  <message>Found 1 web elements with id: &amp;apos;Object Repository/Page_Toko Buku Online Terbesar  Gra/Landing Page/input_email&amp;apos; located by &amp;apos;By.xpath: //*[@id=\&amp;quot;mat-input-0\&amp;quot;][count(. | //input[@id = &amp;apos;mat-input-0&amp;apos;]) = count(//input[@id = &amp;apos;mat-input-0&amp;apos;])]&amp;apos; in &amp;apos;30&amp;apos; second(s)</message>
  <nestedLevel>1</nestedLevel>
</record>
<record>
  <date>2018-08-31T14:31:46</date>
  <millis>1535700706256</millis>
  <sequence>74</sequence>
  <level>INFO</level>
  <class>com.kms.katalon.core.logging.KeywordLogger</class>
  <method>logMessage</method>
  <thread>1</thread>
  <message>Setting text of object &amp;apos;Object Repository/Page_Toko Buku Online Terbesar  Gra/Landing Page/input_email&amp;apos; to value &amp;apos;budibudi@gmail.com&amp;apos;</message>
  <nestedLevel>1</nestedLevel>
</record>
<record>
  <date>2018-08-31T14:31:47</date>
  <millis>1535700707155</millis>
  <sequence>75</sequence>
  <level>PASSED</level>
  <class>com.kms.katalon.core.logging.KeywordLogger</class>
  <method>logMessage</method>
  <thread>1</thread>
  <message>Text &amp;apos;budibudi@gmail.com&amp;apos; is set on object &amp;apos;Object Repository/Page_Toko Buku Online Terbesar  Gra/Landing Page/input_email&amp;apos;</message>
  <nestedLevel>1</nestedLevel>
</record>
<record>
  <date>2018-08-31T14:31:47</date>
  <millis>1535700707156</millis>
  <sequence>76</sequence>
  <level>END</level>
  <class>com.kms.katalon.core.logging.KeywordLogger</class>
  <method>endKeyword</method>
  <thread>1</thread>
  <message>End action : setText</message>
  <nestedLevel>1</nestedLevel>
</record>
<record>
  <date>2018-08-31T14:31:47</date>
  <millis>1535700707157</millis>
  <sequence>77</sequence>
  <level>START</level>
  <class>com.kms.katalon.core.logging.KeywordLogger</class>
  <method>startKeyword</method>
  <thread>1</thread>
  <message>Start action : click</message>
  <nestedLevel>1</nestedLevel>
  <property name="startLine">34</property>
  <property name="stepIndex">7</property>
</record>
<record>
  <date>2018-08-31T14:31:47</date>
  <millis>1535700707159</millis>
  <sequence>78</sequence>
  <level>INFO</level>
  <class>com.kms.katalon.core.logging.KeywordLogger</class>
  <method>logMessage</method>
  <thread>1</thread>
  <message>Finding Test Object with id &amp;apos;Object Repository/Page_Toko Buku Online Terbesar  Gra/Landing Page/input_password&amp;apos;</message>
  <nestedLevel>1</nestedLevel>
</record>
<record>
  <date>2018-08-31T14:31:47</date>
  <millis>1535700707199</millis>
  <sequence>79</sequence>
  <level>INFO</level>
  <class>com.kms.katalon.core.logging.KeywordLogger</class>
  <method>logMessage</method>
  <thread>1</thread>
  <message>Checking object</message>
  <nestedLevel>1</nestedLevel>
</record>
<record>
  <date>2018-08-31T14:31:47</date>
  <millis>1535700707200</millis>
  <sequence>80</sequence>
  <level>INFO</level>
  <class>com.kms.katalon.core.logging.KeywordLogger</class>
  <method>logMessage</method>
  <thread>1</thread>
  <message>Checking timeout</message>
  <nestedLevel>1</nestedLevel>
</record>
<record>
  <date>2018-08-31T14:31:47</date>
  <millis>1535700707201</millis>
  <sequence>81</sequence>
  <level>INFO</level>
  <class>com.kms.katalon.core.logging.KeywordLogger</class>
  <method>logMessage</method>
  <thread>1</thread>
  <message>Finding web element with id: &amp;apos;Object Repository/Page_Toko Buku Online Terbesar  Gra/Landing Page/input_password&amp;apos; located by &amp;apos;By.xpath: //*[@id=\&amp;quot;mat-input-1\&amp;quot;][count(. | //input[@class = &amp;apos;mat-input-element mat-form-field-autofill-control ng-untouched ng-pristine ng-invalid&amp;apos; and @name = &amp;apos;password&amp;apos; and @placeholder = &amp;apos;Kata sandi&amp;apos; and @type = &amp;apos;password&amp;apos; and @id = &amp;apos;mat-input-1&amp;apos;]) = count(//input[@class = &amp;apos;mat-input-element mat-form-field-autofill-control ng-untouched ng-pristine ng-invalid&amp;apos; and @name = &amp;apos;password&amp;apos; and @placeholder = &amp;apos;Kata sandi&amp;apos; and @type = &amp;apos;password&amp;apos; and @id = &amp;apos;mat-input-1&amp;apos;])]&amp;apos; in &amp;apos;30&amp;apos; second(s)</message>
  <nestedLevel>1</nestedLevel>
</record>
<record>
  <date>2018-08-31T14:31:47</date>
  <millis>1535700707279</millis>
  <sequence>82</sequence>
  <level>INFO</level>
  <class>com.kms.katalon.core.logging.KeywordLogger</class>
  <method>logMessage</method>
  <thread>1</thread>
  <message>Found 1 web elements with id: &amp;apos;Object Repository/Page_Toko Buku Online Terbesar  Gra/Landing Page/input_password&amp;apos; located by &amp;apos;By.xpath: //*[@id=\&amp;quot;mat-input-1\&amp;quot;][count(. | //input[@class = &amp;apos;mat-input-element mat-form-field-autofill-control ng-untouched ng-pristine ng-invalid&amp;apos; and @name = &amp;apos;password&amp;apos; and @placeholder = &amp;apos;Kata sandi&amp;apos; and @type = &amp;apos;password&amp;apos; and @id = &amp;apos;mat-input-1&amp;apos;]) = count(//input[@class = &amp;apos;mat-input-element mat-form-field-autofill-control ng-untouched ng-pristine ng-invalid&amp;apos; and @name = &amp;apos;password&amp;apos; and @placeholder = &amp;apos;Kata sandi&amp;apos; and @type = &amp;apos;password&amp;apos; and @id = &amp;apos;mat-input-1&amp;apos;])]&amp;apos; in &amp;apos;30&amp;apos; second(s)</message>
  <nestedLevel>1</nestedLevel>
</record>
<record>
  <date>2018-08-31T14:31:47</date>
  <millis>1535700707280</millis>
  <sequence>83</sequence>
  <level>INFO</level>
  <class>com.kms.katalon.core.logging.KeywordLogger</class>
  <method>logMessage</method>
  <thread>1</thread>
  <message>Clicking on object: &amp;apos;Object Repository/Page_Toko Buku Online Terbesar  Gra/Landing Page/input_password&amp;apos;</message>
  <nestedLevel>1</nestedLevel>
</record>
<record>
  <date>2018-08-31T14:31:47</date>
  <millis>1535700707374</millis>
  <sequence>84</sequence>
  <level>PASSED</level>
  <class>com.kms.katalon.core.logging.KeywordLogger</class>
  <method>logMessage</method>
  <thread>1</thread>
  <message>Object: &amp;apos;Object Repository/Page_Toko Buku Online Terbesar  Gra/Landing Page/input_password&amp;apos; is clicked on</message>
  <nestedLevel>1</nestedLevel>
</record>
<record>
  <date>2018-08-31T14:31:47</date>
  <millis>1535700707375</millis>
  <sequence>85</sequence>
  <level>END</level>
  <class>com.kms.katalon.core.logging.KeywordLogger</class>
  <method>endKeyword</method>
  <thread>1</thread>
  <message>End action : click</message>
  <nestedLevel>1</nestedLevel>
</record>
<record>
  <date>2018-08-31T14:31:47</date>
  <millis>1535700707375</millis>
  <sequence>86</sequence>
  <level>START</level>
  <class>com.kms.katalon.core.logging.KeywordLogger</class>
  <method>startKeyword</method>
  <thread>1</thread>
  <message>Start action : setText</message>
  <nestedLevel>1</nestedLevel>
  <property name="startLine">36</property>
  <property name="stepIndex">8</property>
</record>
<record>
  <date>2018-08-31T14:31:47</date>
  <millis>1535700707376</millis>
  <sequence>87</sequence>
  <level>INFO</level>
  <class>com.kms.katalon.core.logging.KeywordLogger</class>
  <method>logMessage</method>
  <thread>1</thread>
  <message>Finding Test Object with id &amp;apos;Object Repository/Page_Toko Buku Online Terbesar  Gra/Landing Page/input_password&amp;apos;</message>
  <nestedLevel>1</nestedLevel>
</record>
<record>
  <date>2018-08-31T14:31:47</date>
  <millis>1535700707380</millis>
  <sequence>88</sequence>
  <level>INFO</level>
  <class>com.kms.katalon.core.logging.KeywordLogger</class>
  <method>logMessage</method>
  <thread>1</thread>
  <message>Checking object</message>
  <nestedLevel>1</nestedLevel>
</record>
<record>
  <date>2018-08-31T14:31:47</date>
  <millis>1535700707381</millis>
  <sequence>89</sequence>
  <level>INFO</level>
  <class>com.kms.katalon.core.logging.KeywordLogger</class>
  <method>logMessage</method>
  <thread>1</thread>
  <message>Checking text</message>
  <nestedLevel>1</nestedLevel>
</record>
<record>
  <date>2018-08-31T14:31:47</date>
  <millis>1535700707381</millis>
  <sequence>90</sequence>
  <level>INFO</level>
  <class>com.kms.katalon.core.logging.KeywordLogger</class>
  <method>logMessage</method>
  <thread>1</thread>
  <message>Checking timeout</message>
  <nestedLevel>1</nestedLevel>
</record>
<record>
  <date>2018-08-31T14:31:47</date>
  <millis>1535700707382</millis>
  <sequence>91</sequence>
  <level>INFO</level>
  <class>com.kms.katalon.core.logging.KeywordLogger</class>
  <method>logMessage</method>
  <thread>1</thread>
  <message>Finding web element with id: &amp;apos;Object Repository/Page_Toko Buku Online Terbesar  Gra/Landing Page/input_password&amp;apos; located by &amp;apos;By.xpath: //*[@id=\&amp;quot;mat-input-1\&amp;quot;][count(. | //input[@class = &amp;apos;mat-input-element mat-form-field-autofill-control ng-untouched ng-pristine ng-invalid&amp;apos; and @name = &amp;apos;password&amp;apos; and @placeholder = &amp;apos;Kata sandi&amp;apos; and @type = &amp;apos;password&amp;apos; and @id = &amp;apos;mat-input-1&amp;apos;]) = count(//input[@class = &amp;apos;mat-input-element mat-form-field-autofill-control ng-untouched ng-pristine ng-invalid&amp;apos; and @name = &amp;apos;password&amp;apos; and @placeholder = &amp;apos;Kata sandi&amp;apos; and @type = &amp;apos;password&amp;apos; and @id = &amp;apos;mat-input-1&amp;apos;])]&amp;apos; in &amp;apos;30&amp;apos; second(s)</message>
  <nestedLevel>1</nestedLevel>
</record>
<record>
  <date>2018-08-31T14:31:47</date>
  <millis>1535700707404</millis>
  <sequence>92</sequence>
  <level>INFO</level>
  <class>com.kms.katalon.core.logging.KeywordLogger</class>
  <method>logMessage</method>
  <thread>1</thread>
  <message>Found 1 web elements with id: &amp;apos;Object Repository/Page_Toko Buku Online Terbesar  Gra/Landing Page/input_password&amp;apos; located by &amp;apos;By.xpath: //*[@id=\&amp;quot;mat-input-1\&amp;quot;][count(. | //input[@class = &amp;apos;mat-input-element mat-form-field-autofill-control ng-untouched ng-pristine ng-invalid&amp;apos; and @name = &amp;apos;password&amp;apos; and @placeholder = &amp;apos;Kata sandi&amp;apos; and @type = &amp;apos;password&amp;apos; and @id = &amp;apos;mat-input-1&amp;apos;]) = count(//input[@class = &amp;apos;mat-input-element mat-form-field-autofill-control ng-untouched ng-pristine ng-invalid&amp;apos; and @name = &amp;apos;password&amp;apos; and @placeholder = &amp;apos;Kata sandi&amp;apos; and @type = &amp;apos;password&amp;apos; and @id = &amp;apos;mat-input-1&amp;apos;])]&amp;apos; in &amp;apos;30&amp;apos; second(s)</message>
  <nestedLevel>1</nestedLevel>
</record>
<record>
  <date>2018-08-31T14:31:47</date>
  <millis>1535700707404</millis>
  <sequence>93</sequence>
  <level>INFO</level>
  <class>com.kms.katalon.core.logging.KeywordLogger</class>
  <method>logMessage</method>
  <thread>1</thread>
  <message>Clearing text of object &amp;apos;Object Repository/Page_Toko Buku Online Terbesar  Gra/Landing Page/input_password&amp;apos;</message>
  <nestedLevel>1</nestedLevel>
</record>
<record>
  <date>2018-08-31T14:31:47</date>
  <millis>1535700707434</millis>
  <sequence>94</sequence>
  <level>INFO</level>
  <class>com.kms.katalon.core.logging.KeywordLogger</class>
  <method>logMessage</method>
  <thread>1</thread>
  <message>Checking timeout</message>
  <nestedLevel>1</nestedLevel>
</record>
<record>
  <date>2018-08-31T14:31:47</date>
  <millis>1535700707436</millis>
  <sequence>95</sequence>
  <level>INFO</level>
  <class>com.kms.katalon.core.logging.KeywordLogger</class>
  <method>logMessage</method>
  <thread>1</thread>
  <message>Finding web element with id: &amp;apos;Object Repository/Page_Toko Buku Online Terbesar  Gra/Landing Page/input_password&amp;apos; located by &amp;apos;By.xpath: //*[@id=\&amp;quot;mat-input-1\&amp;quot;][count(. | //input[@class = &amp;apos;mat-input-element mat-form-field-autofill-control ng-untouched ng-pristine ng-invalid&amp;apos; and @name = &amp;apos;password&amp;apos; and @placeholder = &amp;apos;Kata sandi&amp;apos; and @type = &amp;apos;password&amp;apos; and @id = &amp;apos;mat-input-1&amp;apos;]) = count(//input[@class = &amp;apos;mat-input-element mat-form-field-autofill-control ng-untouched ng-pristine ng-invalid&amp;apos; and @name = &amp;apos;password&amp;apos; and @placeholder = &amp;apos;Kata sandi&amp;apos; and @type = &amp;apos;password&amp;apos; and @id = &amp;apos;mat-input-1&amp;apos;])]&amp;apos; in &amp;apos;30&amp;apos; second(s)</message>
  <nestedLevel>1</nestedLevel>
</record>
<record>
  <date>2018-08-31T14:31:47</date>
  <millis>1535700707456</millis>
  <sequence>96</sequence>
  <level>INFO</level>
  <class>com.kms.katalon.core.logging.KeywordLogger</class>
  <method>logMessage</method>
  <thread>1</thread>
  <message>Found 1 web elements with id: &amp;apos;Object Repository/Page_Toko Buku Online Terbesar  Gra/Landing Page/input_password&amp;apos; located by &amp;apos;By.xpath: //*[@id=\&amp;quot;mat-input-1\&amp;quot;][count(. | //input[@class = &amp;apos;mat-input-element mat-form-field-autofill-control ng-untouched ng-pristine ng-invalid&amp;apos; and @name = &amp;apos;password&amp;apos; and @placeholder = &amp;apos;Kata sandi&amp;apos; and @type = &amp;apos;password&amp;apos; and @id = &amp;apos;mat-input-1&amp;apos;]) = count(//input[@class = &amp;apos;mat-input-element mat-form-field-autofill-control ng-untouched ng-pristine ng-invalid&amp;apos; and @name = &amp;apos;password&amp;apos; and @placeholder = &amp;apos;Kata sandi&amp;apos; and @type = &amp;apos;password&amp;apos; and @id = &amp;apos;mat-input-1&amp;apos;])]&amp;apos; in &amp;apos;30&amp;apos; second(s)</message>
  <nestedLevel>1</nestedLevel>
</record>
<record>
  <date>2018-08-31T14:31:47</date>
  <millis>1535700707457</millis>
  <sequence>97</sequence>
  <level>INFO</level>
  <class>com.kms.katalon.core.logging.KeywordLogger</class>
  <method>logMessage</method>
  <thread>1</thread>
  <message>Setting text of object &amp;apos;Object Repository/Page_Toko Buku Online Terbesar  Gra/Landing Page/input_password&amp;apos; to value &amp;apos;budibudi&amp;apos;</message>
  <nestedLevel>1</nestedLevel>
</record>
<record>
  <date>2018-08-31T14:31:47</date>
  <millis>1535700707567</millis>
  <sequence>98</sequence>
  <level>PASSED</level>
  <class>com.kms.katalon.core.logging.KeywordLogger</class>
  <method>logMessage</method>
  <thread>1</thread>
  <message>Text &amp;apos;budibudi&amp;apos; is set on object &amp;apos;Object Repository/Page_Toko Buku Online Terbesar  Gra/Landing Page/input_password&amp;apos;</message>
  <nestedLevel>1</nestedLevel>
</record>
<record>
  <date>2018-08-31T14:31:47</date>
  <millis>1535700707568</millis>
  <sequence>99</sequence>
  <level>END</level>
  <class>com.kms.katalon.core.logging.KeywordLogger</class>
  <method>endKeyword</method>
  <thread>1</thread>
  <message>End action : setText</message>
  <nestedLevel>1</nestedLevel>
</record>
<record>
  <date>2018-08-31T14:31:47</date>
  <millis>1535700707568</millis>
  <sequence>100</sequence>
  <level>START</level>
  <class>com.kms.katalon.core.logging.KeywordLogger</class>
  <method>startKeyword</method>
  <thread>1</thread>
  <message>Start action : click</message>
  <nestedLevel>1</nestedLevel>
  <property name="startLine">38</property>
  <property name="stepIndex">9</property>
</record>
<record>
  <date>2018-08-31T14:31:47</date>
  <millis>1535700707569</millis>
  <sequence>101</sequence>
  <level>INFO</level>
  <class>com.kms.katalon.core.logging.KeywordLogger</class>
  <method>logMessage</method>
  <thread>1</thread>
  <message>Finding Test Object with id &amp;apos;Object Repository/Page_Toko Buku Online Terbesar  Gra/Landing Page/button_submitLogin&amp;apos;</message>
  <nestedLevel>1</nestedLevel>
</record>
<record>
  <date>2018-08-31T14:31:47</date>
  <millis>1535700707702</millis>
  <sequence>102</sequence>
  <level>INFO</level>
  <class>com.kms.katalon.core.logging.KeywordLogger</class>
  <method>logMessage</method>
  <thread>1</thread>
  <message>Checking object</message>
  <nestedLevel>1</nestedLevel>
</record>
<record>
  <date>2018-08-31T14:31:47</date>
  <millis>1535700707703</millis>
  <sequence>103</sequence>
  <level>INFO</level>
  <class>com.kms.katalon.core.logging.KeywordLogger</class>
  <method>logMessage</method>
  <thread>1</thread>
  <message>Checking timeout</message>
  <nestedLevel>1</nestedLevel>
</record>
<record>
  <date>2018-08-31T14:31:47</date>
  <millis>1535700707705</millis>
  <sequence>104</sequence>
  <level>INFO</level>
  <class>com.kms.katalon.core.logging.KeywordLogger</class>
  <method>logMessage</method>
  <thread>1</thread>
  <message>Finding web element with id: &amp;apos;Object Repository/Page_Toko Buku Online Terbesar  Gra/Landing Page/button_submitLogin&amp;apos; located by &amp;apos;By.xpath: //*[@id=\&amp;quot;login-area\&amp;quot;]/form/button&amp;apos; in &amp;apos;30&amp;apos; second(s)</message>
  <nestedLevel>1</nestedLevel>
</record>
<record>
  <date>2018-08-31T14:31:47</date>
  <millis>1535700707741</millis>
  <sequence>105</sequence>
  <level>INFO</level>
  <class>com.kms.katalon.core.logging.KeywordLogger</class>
  <method>logMessage</method>
  <thread>1</thread>
  <message>Found 1 web elements with id: &amp;apos;Object Repository/Page_Toko Buku Online Terbesar  Gra/Landing Page/button_submitLogin&amp;apos; located by &amp;apos;By.xpath: //*[@id=\&amp;quot;login-area\&amp;quot;]/form/button&amp;apos; in &amp;apos;30&amp;apos; second(s)</message>
  <nestedLevel>1</nestedLevel>
</record>
<record>
  <date>2018-08-31T14:31:47</date>
  <millis>1535700707742</millis>
  <sequence>106</sequence>
  <level>INFO</level>
  <class>com.kms.katalon.core.logging.KeywordLogger</class>
  <method>logMessage</method>
  <thread>1</thread>
  <message>Clicking on object: &amp;apos;Object Repository/Page_Toko Buku Online Terbesar  Gra/Landing Page/button_submitLogin&amp;apos;</message>
  <nestedLevel>1</nestedLevel>
</record>
<record>
  <date>2018-08-31T14:31:47</date>
  <millis>1535700707849</millis>
  <sequence>107</sequence>
  <level>PASSED</level>
  <class>com.kms.katalon.core.logging.KeywordLogger</class>
  <method>logMessage</method>
  <thread>1</thread>
  <message>Object: &amp;apos;Object Repository/Page_Toko Buku Online Terbesar  Gra/Landing Page/button_submitLogin&amp;apos; is clicked on</message>
  <nestedLevel>1</nestedLevel>
</record>
<record>
  <date>2018-08-31T14:31:47</date>
  <millis>1535700707850</millis>
  <sequence>108</sequence>
  <level>END</level>
  <class>com.kms.katalon.core.logging.KeywordLogger</class>
  <method>endKeyword</method>
  <thread>1</thread>
  <message>End action : click</message>
  <nestedLevel>1</nestedLevel>
</record>
<record>
  <date>2018-08-31T14:31:47</date>
  <millis>1535700707850</millis>
  <sequence>109</sequence>
  <level>PASSED</level>
  <class>com.kms.katalon.core.logging.KeywordLogger</class>
  <method>logMessage</method>
  <thread>1</thread>
  <message>Test Cases/LandingPage/Login</message>
  <nestedLevel>1</nestedLevel>
</record>
<record>
  <date>2018-08-31T14:31:47</date>
  <millis>1535700707851</millis>
  <sequence>110</sequence>
  <level>END</level>
  <class>com.kms.katalon.core.logging.KeywordLogger</class>
  <method>endTest</method>
  <thread>1</thread>
  <message>End Test Case : Test Cases/LandingPage/Login</message>
  <nestedLevel>0</nestedLevel>
</record>
<record>
  <date>2018-08-31T14:31:51</date>
  <millis>1535700711819</millis>
  <sequence>111</sequence>
  <level>END</level>
  <class>com.kms.katalon.core.logging.KeywordLogger</class>
  <method>endSuite</method>
  <thread>1</thread>
  <message>End Test Suite : Test Suites/Login</message>
  <nestedLevel>0</nestedLevel>
</record>
</log>