<?xml version="1.0" encoding="UTF-8" standalone="no"?>
<!DOCTYPE log SYSTEM "logger.dtd">
<log>
<record>
  <date>2018-09-10T16:09:38</date>
  <millis>1536570578804</millis>
  <sequence>0</sequence>
  <level>START</level>
  <class>com.kms.katalon.core.logging.KeywordLogger</class>
  <method>startSuite</method>
  <thread>1</thread>
  <message>Start Test Suite : Test Suites/Login</message>
  <nestedLevel>0</nestedLevel>
  <property name="name">Login</property>
  <property name="description"></property>
  <property name="id">Test Suites/Login</property>
</record>
<record>
  <date>2018-09-10T16:09:38</date>
  <millis>1536570578824</millis>
  <sequence>1</sequence>
  <level>RUN_DATA</level>
  <class>com.kms.katalon.core.logging.KeywordLogger</class>
  <method>logMessage</method>
  <thread>1</thread>
  <message>Logging run data &amp;apos;hostName&amp;apos; with value &amp;apos;danandio - 172.16.141.56&amp;apos;</message>
  <nestedLevel>0</nestedLevel>
  <property name="hostName">danandio - 172.16.141.56</property>
</record>
<record>
  <date>2018-09-10T16:09:38</date>
  <millis>1536570578825</millis>
  <sequence>2</sequence>
  <level>RUN_DATA</level>
  <class>com.kms.katalon.core.logging.KeywordLogger</class>
  <method>logMessage</method>
  <thread>1</thread>
  <message>Logging run data &amp;apos;os&amp;apos; with value &amp;apos;Mac OS X 64bit&amp;apos;</message>
  <nestedLevel>0</nestedLevel>
  <property name="os">Mac OS X 64bit</property>
</record>
<record>
  <date>2018-09-10T16:09:38</date>
  <millis>1536570578826</millis>
  <sequence>3</sequence>
  <level>RUN_DATA</level>
  <class>com.kms.katalon.core.logging.KeywordLogger</class>
  <method>logMessage</method>
  <thread>1</thread>
  <message>Logging run data &amp;apos;hostAddress&amp;apos; with value &amp;apos;172.16.141.56&amp;apos;</message>
  <nestedLevel>0</nestedLevel>
  <property name="hostAddress">172.16.141.56</property>
</record>
<record>
  <date>2018-09-10T16:09:38</date>
  <millis>1536570578827</millis>
  <sequence>4</sequence>
  <level>RUN_DATA</level>
  <class>com.kms.katalon.core.logging.KeywordLogger</class>
  <method>logMessage</method>
  <thread>1</thread>
  <message>Logging run data &amp;apos;katalonVersion&amp;apos; with value &amp;apos;5.6.3.1&amp;apos;</message>
  <nestedLevel>0</nestedLevel>
  <property name="katalonVersion">5.6.3.1</property>
</record>
<record>
  <date>2018-09-10T16:09:39</date>
  <millis>1536570579197</millis>
  <sequence>5</sequence>
  <level>START</level>
  <class>com.kms.katalon.core.logging.KeywordLogger</class>
  <method>startTest</method>
  <thread>1</thread>
  <message>Start Test Case : Test Cases/OpenBrowser</message>
  <nestedLevel>1</nestedLevel>
  <property name="name">Test Cases/OpenBrowser</property>
  <property name="description"></property>
  <property name="id">Test Cases/OpenBrowser</property>
  <property name="source">\\Users\\danandio\\git\\KatalonGramedia\\Test Cases\\OpenBrowser.tc</property>
  <property name="isOptional">false</property>
</record>
<record>
  <date>2018-09-10T16:09:39</date>
  <millis>1536570579227</millis>
  <sequence>6</sequence>
  <level>INFO</level>
  <class>com.kms.katalon.core.logging.KeywordLogger</class>
  <method>logMessage</method>
  <thread>1</thread>
  <message>Evaluating variables for test case</message>
  <nestedLevel>1</nestedLevel>
</record>
<record>
  <date>2018-09-10T16:09:39</date>
  <millis>1536570579491</millis>
  <sequence>7</sequence>
  <level>START</level>
  <class>com.kms.katalon.core.logging.KeywordLogger</class>
  <method>startKeyword</method>
  <thread>1</thread>
  <message>Start action : openBrowser</message>
  <nestedLevel>1</nestedLevel>
  <property name="startLine">22</property>
  <property name="stepIndex">1</property>
</record>
<record>
  <date>2018-09-10T16:09:39</date>
  <millis>1536570579976</millis>
  <sequence>8</sequence>
  <level>INFO</level>
  <class>com.kms.katalon.core.logging.KeywordLogger</class>
  <method>logMessage</method>
  <thread>1</thread>
  <message>Opening browser</message>
  <nestedLevel>1</nestedLevel>
</record>
<record>
  <date>2018-09-10T16:09:39</date>
  <millis>1536570579982</millis>
  <sequence>9</sequence>
  <level>INFO</level>
  <class>com.kms.katalon.core.logging.KeywordLogger</class>
  <method>logMessage</method>
  <thread>1</thread>
  <message>Starting &amp;apos;Chrome&amp;apos; driver</message>
  <nestedLevel>1</nestedLevel>
</record>
<record>
  <date>2018-09-10T16:09:40</date>
  <millis>1536570580002</millis>
  <sequence>10</sequence>
  <level>INFO</level>
  <class>com.kms.katalon.core.logging.KeywordLogger</class>
  <method>logMessage</method>
  <thread>1</thread>
  <message>Action delay is set to 0 seconds</message>
  <nestedLevel>1</nestedLevel>
</record>
<record>
  <date>2018-09-10T16:09:41</date>
  <millis>1536570581215</millis>
  <sequence>12</sequence>
  <level>RUN_DATA</level>
  <class>com.kms.katalon.core.logging.KeywordLogger</class>
  <method>logMessage</method>
  <thread>1</thread>
  <message>Logging run data &amp;apos;sessionId&amp;apos; with value &amp;apos;aa785a5686c04eae7e9942f08c172528&amp;apos;</message>
  <nestedLevel>1</nestedLevel>
  <property name="sessionId">aa785a5686c04eae7e9942f08c172528</property>
</record>
<record>
  <date>2018-09-10T16:09:41</date>
  <millis>1536570581254</millis>
  <sequence>13</sequence>
  <level>RUN_DATA</level>
  <class>com.kms.katalon.core.logging.KeywordLogger</class>
  <method>logMessage</method>
  <thread>1</thread>
  <message>Logging run data &amp;apos;browser&amp;apos; with value &amp;apos;Chrome 68.0.3440.106&amp;apos;</message>
  <nestedLevel>1</nestedLevel>
  <property name="browser">Chrome 68.0.3440.106</property>
</record>
<record>
  <date>2018-09-10T16:09:41</date>
  <millis>1536570581254</millis>
  <sequence>14</sequence>
  <level>RUN_DATA</level>
  <class>com.kms.katalon.core.logging.KeywordLogger</class>
  <method>logMessage</method>
  <thread>1</thread>
  <message>Logging run data &amp;apos;platform&amp;apos; with value &amp;apos;Mac OS X&amp;apos;</message>
  <nestedLevel>1</nestedLevel>
  <property name="platform">Mac OS X</property>
</record>
<record>
  <date>2018-09-10T16:09:41</date>
  <millis>1536570581256</millis>
  <sequence>15</sequence>
  <level>RUN_DATA</level>
  <class>com.kms.katalon.core.logging.KeywordLogger</class>
  <method>logMessage</method>
  <thread>1</thread>
  <message>Logging run data &amp;apos;seleniumVersion&amp;apos; with value &amp;apos;3.7.1&amp;apos;</message>
  <nestedLevel>1</nestedLevel>
  <property name="seleniumVersion">3.7.1</property>
</record>
<record>
  <date>2018-09-10T16:09:41</date>
  <millis>1536570581257</millis>
  <sequence>16</sequence>
  <level>RUN_DATA</level>
  <class>com.kms.katalon.core.logging.KeywordLogger</class>
  <method>logMessage</method>
  <thread>1</thread>
  <message>Logging run data &amp;apos;proxyInformation&amp;apos; with value &amp;apos;ProxyInformation{proxyOption=NO_PROXY, proxyServerType=HTTP, password=, proxyServerAddress=, proxyServerPort=0}&amp;apos;</message>
  <nestedLevel>1</nestedLevel>
  <property name="proxyInformation">ProxyInformation{proxyOption=NO_PROXY, proxyServerType=HTTP, password=, proxyServerAddress=, proxyServerPort=0}</property>
</record>
<record>
  <date>2018-09-10T16:09:41</date>
  <millis>1536570581259</millis>
  <sequence>17</sequence>
  <level>INFO</level>
  <class>com.kms.katalon.core.logging.KeywordLogger</class>
  <method>logMessage</method>
  <thread>1</thread>
  <message>Navigating browser to: &amp;apos;https://staging.gramedia.com/&amp;apos;</message>
  <nestedLevel>1</nestedLevel>
</record>
<record>
  <date>2018-09-10T16:10:07</date>
  <millis>1536570607068</millis>
  <sequence>18</sequence>
  <level>PASSED</level>
  <class>com.kms.katalon.core.logging.KeywordLogger</class>
  <method>logMessage</method>
  <thread>1</thread>
  <message>Browser is opened with url: &amp;apos;https://staging.gramedia.com/&amp;apos;</message>
  <nestedLevel>1</nestedLevel>
</record>
<record>
  <date>2018-09-10T16:10:07</date>
  <millis>1536570607073</millis>
  <sequence>19</sequence>
  <level>END</level>
  <class>com.kms.katalon.core.logging.KeywordLogger</class>
  <method>endKeyword</method>
  <thread>1</thread>
  <message>End action : openBrowser</message>
  <nestedLevel>1</nestedLevel>
</record>
<record>
  <date>2018-09-10T16:10:07</date>
  <millis>1536570607075</millis>
  <sequence>20</sequence>
  <level>PASSED</level>
  <class>com.kms.katalon.core.logging.KeywordLogger</class>
  <method>logMessage</method>
  <thread>1</thread>
  <message>Test Cases/OpenBrowser</message>
  <nestedLevel>1</nestedLevel>
</record>
<record>
  <date>2018-09-10T16:10:07</date>
  <millis>1536570607076</millis>
  <sequence>21</sequence>
  <level>END</level>
  <class>com.kms.katalon.core.logging.KeywordLogger</class>
  <method>endTest</method>
  <thread>1</thread>
  <message>End Test Case : Test Cases/OpenBrowser</message>
  <nestedLevel>0</nestedLevel>
</record>
<record>
  <date>2018-09-10T16:10:07</date>
  <millis>1536570607079</millis>
  <sequence>22</sequence>
  <level>START</level>
  <class>com.kms.katalon.core.logging.KeywordLogger</class>
  <method>startTest</method>
  <thread>1</thread>
  <message>Start Test Case : Test Cases/LandingPage/Login</message>
  <nestedLevel>1</nestedLevel>
  <property name="name">Test Cases/LandingPage/Login</property>
  <property name="description"></property>
  <property name="id">Test Cases/LandingPage/Login</property>
  <property name="source">\\Users\\danandio\\git\\KatalonGramedia\\Test Cases\\LandingPage\\Login.tc</property>
  <property name="isOptional">false</property>
</record>
<record>
  <date>2018-09-10T16:10:07</date>
  <millis>1536570607100</millis>
  <sequence>23</sequence>
  <level>INFO</level>
  <class>com.kms.katalon.core.logging.KeywordLogger</class>
  <method>logMessage</method>
  <thread>1</thread>
  <message>Evaluating variables for test case</message>
  <nestedLevel>1</nestedLevel>
</record>
<record>
  <date>2018-09-10T16:10:07</date>
  <millis>1536570607294</millis>
  <sequence>24</sequence>
  <level>START</level>
  <class>com.kms.katalon.core.logging.KeywordLogger</class>
  <method>startKeyword</method>
  <thread>1</thread>
  <message>Start action : openBrowser</message>
  <nestedLevel>1</nestedLevel>
  <property name="startLine">22</property>
  <property name="stepIndex">1</property>
</record>
<record>
  <date>2018-09-10T16:10:07</date>
  <millis>1536570607299</millis>
  <sequence>25</sequence>
  <level>NOT_RUN</level>
  <class>com.kms.katalon.core.logging.KeywordLogger</class>
  <method>logMessage</method>
  <thread>1</thread>
  <message>NOT_RUN: openBrowser</message>
  <nestedLevel>1</nestedLevel>
</record>
<record>
  <date>2018-09-10T16:10:07</date>
  <millis>1536570607300</millis>
  <sequence>26</sequence>
  <level>END</level>
  <class>com.kms.katalon.core.logging.KeywordLogger</class>
  <method>endKeyword</method>
  <thread>1</thread>
  <message>End action : openBrowser</message>
  <nestedLevel>1</nestedLevel>
</record>
<record>
  <date>2018-09-10T16:10:07</date>
  <millis>1536570607312</millis>
  <sequence>27</sequence>
  <level>START</level>
  <class>com.kms.katalon.core.logging.KeywordLogger</class>
  <method>startKeyword</method>
  <thread>1</thread>
  <message>Start action : waitForElementClickable</message>
  <nestedLevel>1</nestedLevel>
  <property name="startLine">24</property>
  <property name="stepIndex">2</property>
</record>
<record>
  <date>2018-09-10T16:10:07</date>
  <millis>1536570607328</millis>
  <sequence>28</sequence>
  <level>INFO</level>
  <class>com.kms.katalon.core.logging.KeywordLogger</class>
  <method>logMessage</method>
  <thread>1</thread>
  <message>Finding Test Object with id &amp;apos;Object Repository/Page_Toko Buku Online Terbesar  Gra/Landing Page/button_Masuk&amp;apos;</message>
  <nestedLevel>1</nestedLevel>
</record>
<record>
  <date>2018-09-10T16:10:07</date>
  <millis>1536570607372</millis>
  <sequence>29</sequence>
  <level>INFO</level>
  <class>com.kms.katalon.core.logging.KeywordLogger</class>
  <method>logMessage</method>
  <thread>1</thread>
  <message>Checking object</message>
  <nestedLevel>1</nestedLevel>
</record>
<record>
  <date>2018-09-10T16:10:07</date>
  <millis>1536570607372</millis>
  <sequence>30</sequence>
  <level>INFO</level>
  <class>com.kms.katalon.core.logging.KeywordLogger</class>
  <method>logMessage</method>
  <thread>1</thread>
  <message>Checking timeout</message>
  <nestedLevel>1</nestedLevel>
</record>
<record>
  <date>2018-09-10T16:10:07</date>
  <millis>1536570607373</millis>
  <sequence>31</sequence>
  <level>INFO</level>
  <class>com.kms.katalon.core.logging.KeywordLogger</class>
  <method>logMessage</method>
  <thread>1</thread>
  <message>Checking timeout</message>
  <nestedLevel>1</nestedLevel>
</record>
<record>
  <date>2018-09-10T16:10:07</date>
  <millis>1536570607383</millis>
  <sequence>32</sequence>
  <level>INFO</level>
  <class>com.kms.katalon.core.logging.KeywordLogger</class>
  <method>logMessage</method>
  <thread>1</thread>
  <message>Finding web element with id: &amp;apos;Object Repository/Page_Toko Buku Online Terbesar  Gra/Landing Page/button_Masuk&amp;apos; located by &amp;apos;By.xpath: id(\&amp;quot;login-button\&amp;quot;)/button[@class=\&amp;quot;ng-star-inserted\&amp;quot;][count(. | //button[(text() = &amp;apos;\n                Masuk\n            &amp;apos; or . = &amp;apos;\n                Masuk\n            &amp;apos;)]) = count(//button[(text() = &amp;apos;\n                Masuk\n            &amp;apos; or . = &amp;apos;\n                Masuk\n            &amp;apos;)])]&amp;apos; in &amp;apos;4&amp;apos; second(s)</message>
  <nestedLevel>1</nestedLevel>
</record>
<record>
  <date>2018-09-10T16:10:07</date>
  <millis>1536570607405</millis>
  <sequence>33</sequence>
  <level>INFO</level>
  <class>com.kms.katalon.core.logging.KeywordLogger</class>
  <method>logMessage</method>
  <thread>1</thread>
  <message>Found 1 web elements with id: &amp;apos;Object Repository/Page_Toko Buku Online Terbesar  Gra/Landing Page/button_Masuk&amp;apos; located by &amp;apos;By.xpath: id(\&amp;quot;login-button\&amp;quot;)/button[@class=\&amp;quot;ng-star-inserted\&amp;quot;][count(. | //button[(text() = &amp;apos;\n                Masuk\n            &amp;apos; or . = &amp;apos;\n                Masuk\n            &amp;apos;)]) = count(//button[(text() = &amp;apos;\n                Masuk\n            &amp;apos; or . = &amp;apos;\n                Masuk\n            &amp;apos;)])]&amp;apos; in &amp;apos;4&amp;apos; second(s)</message>
  <nestedLevel>1</nestedLevel>
</record>
<record>
  <date>2018-09-10T16:10:07</date>
  <millis>1536570607436</millis>
  <sequence>34</sequence>
  <level>PASSED</level>
  <class>com.kms.katalon.core.logging.KeywordLogger</class>
  <method>logMessage</method>
  <thread>1</thread>
  <message>Object &amp;apos;Object Repository/Page_Toko Buku Online Terbesar  Gra/Landing Page/button_Masuk&amp;apos; is clickable</message>
  <nestedLevel>1</nestedLevel>
</record>
<record>
  <date>2018-09-10T16:10:07</date>
  <millis>1536570607436</millis>
  <sequence>35</sequence>
  <level>END</level>
  <class>com.kms.katalon.core.logging.KeywordLogger</class>
  <method>endKeyword</method>
  <thread>1</thread>
  <message>End action : waitForElementClickable</message>
  <nestedLevel>1</nestedLevel>
</record>
<record>
  <date>2018-09-10T16:10:07</date>
  <millis>1536570607436</millis>
  <sequence>36</sequence>
  <level>START</level>
  <class>com.kms.katalon.core.logging.KeywordLogger</class>
  <method>startKeyword</method>
  <thread>1</thread>
  <message>Start action : click</message>
  <nestedLevel>1</nestedLevel>
  <property name="startLine">26</property>
  <property name="stepIndex">3</property>
</record>
<record>
  <date>2018-09-10T16:10:07</date>
  <millis>1536570607437</millis>
  <sequence>37</sequence>
  <level>INFO</level>
  <class>com.kms.katalon.core.logging.KeywordLogger</class>
  <method>logMessage</method>
  <thread>1</thread>
  <message>Finding Test Object with id &amp;apos;Object Repository/Page_Toko Buku Online Terbesar  Gra/Landing Page/button_Masuk&amp;apos;</message>
  <nestedLevel>1</nestedLevel>
</record>
<record>
  <date>2018-09-10T16:10:07</date>
  <millis>1536570607448</millis>
  <sequence>38</sequence>
  <level>INFO</level>
  <class>com.kms.katalon.core.logging.KeywordLogger</class>
  <method>logMessage</method>
  <thread>1</thread>
  <message>Checking object</message>
  <nestedLevel>1</nestedLevel>
</record>
<record>
  <date>2018-09-10T16:10:07</date>
  <millis>1536570607449</millis>
  <sequence>39</sequence>
  <level>INFO</level>
  <class>com.kms.katalon.core.logging.KeywordLogger</class>
  <method>logMessage</method>
  <thread>1</thread>
  <message>Checking timeout</message>
  <nestedLevel>1</nestedLevel>
</record>
<record>
  <date>2018-09-10T16:10:07</date>
  <millis>1536570607449</millis>
  <sequence>40</sequence>
  <level>INFO</level>
  <class>com.kms.katalon.core.logging.KeywordLogger</class>
  <method>logMessage</method>
  <thread>1</thread>
  <message>Finding web element with id: &amp;apos;Object Repository/Page_Toko Buku Online Terbesar  Gra/Landing Page/button_Masuk&amp;apos; located by &amp;apos;By.xpath: id(\&amp;quot;login-button\&amp;quot;)/button[@class=\&amp;quot;ng-star-inserted\&amp;quot;][count(. | //button[(text() = &amp;apos;\n                Masuk\n            &amp;apos; or . = &amp;apos;\n                Masuk\n            &amp;apos;)]) = count(//button[(text() = &amp;apos;\n                Masuk\n            &amp;apos; or . = &amp;apos;\n                Masuk\n            &amp;apos;)])]&amp;apos; in &amp;apos;30&amp;apos; second(s)</message>
  <nestedLevel>1</nestedLevel>
</record>
<record>
  <date>2018-09-10T16:10:07</date>
  <millis>1536570607460</millis>
  <sequence>41</sequence>
  <level>INFO</level>
  <class>com.kms.katalon.core.logging.KeywordLogger</class>
  <method>logMessage</method>
  <thread>1</thread>
  <message>Found 1 web elements with id: &amp;apos;Object Repository/Page_Toko Buku Online Terbesar  Gra/Landing Page/button_Masuk&amp;apos; located by &amp;apos;By.xpath: id(\&amp;quot;login-button\&amp;quot;)/button[@class=\&amp;quot;ng-star-inserted\&amp;quot;][count(. | //button[(text() = &amp;apos;\n                Masuk\n            &amp;apos; or . = &amp;apos;\n                Masuk\n            &amp;apos;)]) = count(//button[(text() = &amp;apos;\n                Masuk\n            &amp;apos; or . = &amp;apos;\n                Masuk\n            &amp;apos;)])]&amp;apos; in &amp;apos;30&amp;apos; second(s)</message>
  <nestedLevel>1</nestedLevel>
</record>
<record>
  <date>2018-09-10T16:10:07</date>
  <millis>1536570607461</millis>
  <sequence>42</sequence>
  <level>INFO</level>
  <class>com.kms.katalon.core.logging.KeywordLogger</class>
  <method>logMessage</method>
  <thread>1</thread>
  <message>Clicking on object: &amp;apos;Object Repository/Page_Toko Buku Online Terbesar  Gra/Landing Page/button_Masuk&amp;apos;</message>
  <nestedLevel>1</nestedLevel>
</record>
<record>
  <date>2018-09-10T16:10:07</date>
  <millis>1536570607591</millis>
  <sequence>43</sequence>
  <level>PASSED</level>
  <class>com.kms.katalon.core.logging.KeywordLogger</class>
  <method>logMessage</method>
  <thread>1</thread>
  <message>Object: &amp;apos;Object Repository/Page_Toko Buku Online Terbesar  Gra/Landing Page/button_Masuk&amp;apos; is clicked on</message>
  <nestedLevel>1</nestedLevel>
</record>
<record>
  <date>2018-09-10T16:10:07</date>
  <millis>1536570607592</millis>
  <sequence>44</sequence>
  <level>END</level>
  <class>com.kms.katalon.core.logging.KeywordLogger</class>
  <method>endKeyword</method>
  <thread>1</thread>
  <message>End action : click</message>
  <nestedLevel>1</nestedLevel>
</record>
<record>
  <date>2018-09-10T16:10:07</date>
  <millis>1536570607593</millis>
  <sequence>45</sequence>
  <level>START</level>
  <class>com.kms.katalon.core.logging.KeywordLogger</class>
  <method>startKeyword</method>
  <thread>1</thread>
  <message>Start action : waitForElementClickable</message>
  <nestedLevel>1</nestedLevel>
  <property name="startLine">28</property>
  <property name="stepIndex">4</property>
</record>
<record>
  <date>2018-09-10T16:10:07</date>
  <millis>1536570607593</millis>
  <sequence>46</sequence>
  <level>INFO</level>
  <class>com.kms.katalon.core.logging.KeywordLogger</class>
  <method>logMessage</method>
  <thread>1</thread>
  <message>Finding Test Object with id &amp;apos;Object Repository/Page_Toko Buku Online Terbesar  Gra/Landing Page/input_email&amp;apos;</message>
  <nestedLevel>1</nestedLevel>
</record>
<record>
  <date>2018-09-10T16:10:07</date>
  <millis>1536570607608</millis>
  <sequence>47</sequence>
  <level>INFO</level>
  <class>com.kms.katalon.core.logging.KeywordLogger</class>
  <method>logMessage</method>
  <thread>1</thread>
  <message>Checking object</message>
  <nestedLevel>1</nestedLevel>
</record>
<record>
  <date>2018-09-10T16:10:07</date>
  <millis>1536570607608</millis>
  <sequence>48</sequence>
  <level>INFO</level>
  <class>com.kms.katalon.core.logging.KeywordLogger</class>
  <method>logMessage</method>
  <thread>1</thread>
  <message>Checking timeout</message>
  <nestedLevel>1</nestedLevel>
</record>
<record>
  <date>2018-09-10T16:10:07</date>
  <millis>1536570607608</millis>
  <sequence>49</sequence>
  <level>INFO</level>
  <class>com.kms.katalon.core.logging.KeywordLogger</class>
  <method>logMessage</method>
  <thread>1</thread>
  <message>Checking timeout</message>
  <nestedLevel>1</nestedLevel>
</record>
<record>
  <date>2018-09-10T16:10:07</date>
  <millis>1536570607609</millis>
  <sequence>50</sequence>
  <level>INFO</level>
  <class>com.kms.katalon.core.logging.KeywordLogger</class>
  <method>logMessage</method>
  <thread>1</thread>
  <message>Finding web element with id: &amp;apos;Object Repository/Page_Toko Buku Online Terbesar  Gra/Landing Page/input_email&amp;apos; located by &amp;apos;By.xpath: //*[@id=\&amp;quot;mat-input-0\&amp;quot;][count(. | //input[@id = &amp;apos;mat-input-0&amp;apos;]) = count(//input[@id = &amp;apos;mat-input-0&amp;apos;])]&amp;apos; in &amp;apos;2&amp;apos; second(s)</message>
  <nestedLevel>1</nestedLevel>
</record>
<record>
  <date>2018-09-10T16:10:07</date>
  <millis>1536570607634</millis>
  <sequence>51</sequence>
  <level>INFO</level>
  <class>com.kms.katalon.core.logging.KeywordLogger</class>
  <method>logMessage</method>
  <thread>1</thread>
  <message>Found 1 web elements with id: &amp;apos;Object Repository/Page_Toko Buku Online Terbesar  Gra/Landing Page/input_email&amp;apos; located by &amp;apos;By.xpath: //*[@id=\&amp;quot;mat-input-0\&amp;quot;][count(. | //input[@id = &amp;apos;mat-input-0&amp;apos;]) = count(//input[@id = &amp;apos;mat-input-0&amp;apos;])]&amp;apos; in &amp;apos;2&amp;apos; second(s)</message>
  <nestedLevel>1</nestedLevel>
</record>
<record>
  <date>2018-09-10T16:10:07</date>
  <millis>1536570607646</millis>
  <sequence>52</sequence>
  <level>PASSED</level>
  <class>com.kms.katalon.core.logging.KeywordLogger</class>
  <method>logMessage</method>
  <thread>1</thread>
  <message>Object &amp;apos;Object Repository/Page_Toko Buku Online Terbesar  Gra/Landing Page/input_email&amp;apos; is clickable</message>
  <nestedLevel>1</nestedLevel>
</record>
<record>
  <date>2018-09-10T16:10:07</date>
  <millis>1536570607647</millis>
  <sequence>53</sequence>
  <level>END</level>
  <class>com.kms.katalon.core.logging.KeywordLogger</class>
  <method>endKeyword</method>
  <thread>1</thread>
  <message>End action : waitForElementClickable</message>
  <nestedLevel>1</nestedLevel>
</record>
<record>
  <date>2018-09-10T16:10:07</date>
  <millis>1536570607647</millis>
  <sequence>54</sequence>
  <level>START</level>
  <class>com.kms.katalon.core.logging.KeywordLogger</class>
  <method>startKeyword</method>
  <thread>1</thread>
  <message>Start action : click</message>
  <nestedLevel>1</nestedLevel>
  <property name="startLine">30</property>
  <property name="stepIndex">5</property>
</record>
<record>
  <date>2018-09-10T16:10:07</date>
  <millis>1536570607648</millis>
  <sequence>55</sequence>
  <level>INFO</level>
  <class>com.kms.katalon.core.logging.KeywordLogger</class>
  <method>logMessage</method>
  <thread>1</thread>
  <message>Finding Test Object with id &amp;apos;Object Repository/Page_Toko Buku Online Terbesar  Gra/Landing Page/input_email&amp;apos;</message>
  <nestedLevel>1</nestedLevel>
</record>
<record>
  <date>2018-09-10T16:10:07</date>
  <millis>1536570607653</millis>
  <sequence>56</sequence>
  <level>INFO</level>
  <class>com.kms.katalon.core.logging.KeywordLogger</class>
  <method>logMessage</method>
  <thread>1</thread>
  <message>Checking object</message>
  <nestedLevel>1</nestedLevel>
</record>
<record>
  <date>2018-09-10T16:10:07</date>
  <millis>1536570607653</millis>
  <sequence>57</sequence>
  <level>INFO</level>
  <class>com.kms.katalon.core.logging.KeywordLogger</class>
  <method>logMessage</method>
  <thread>1</thread>
  <message>Checking timeout</message>
  <nestedLevel>1</nestedLevel>
</record>
<record>
  <date>2018-09-10T16:10:07</date>
  <millis>1536570607654</millis>
  <sequence>58</sequence>
  <level>INFO</level>
  <class>com.kms.katalon.core.logging.KeywordLogger</class>
  <method>logMessage</method>
  <thread>1</thread>
  <message>Finding web element with id: &amp;apos;Object Repository/Page_Toko Buku Online Terbesar  Gra/Landing Page/input_email&amp;apos; located by &amp;apos;By.xpath: //*[@id=\&amp;quot;mat-input-0\&amp;quot;][count(. | //input[@id = &amp;apos;mat-input-0&amp;apos;]) = count(//input[@id = &amp;apos;mat-input-0&amp;apos;])]&amp;apos; in &amp;apos;30&amp;apos; second(s)</message>
  <nestedLevel>1</nestedLevel>
</record>
<record>
  <date>2018-09-10T16:10:07</date>
  <millis>1536570607666</millis>
  <sequence>59</sequence>
  <level>INFO</level>
  <class>com.kms.katalon.core.logging.KeywordLogger</class>
  <method>logMessage</method>
  <thread>1</thread>
  <message>Found 1 web elements with id: &amp;apos;Object Repository/Page_Toko Buku Online Terbesar  Gra/Landing Page/input_email&amp;apos; located by &amp;apos;By.xpath: //*[@id=\&amp;quot;mat-input-0\&amp;quot;][count(. | //input[@id = &amp;apos;mat-input-0&amp;apos;]) = count(//input[@id = &amp;apos;mat-input-0&amp;apos;])]&amp;apos; in &amp;apos;30&amp;apos; second(s)</message>
  <nestedLevel>1</nestedLevel>
</record>
<record>
  <date>2018-09-10T16:10:07</date>
  <millis>1536570607666</millis>
  <sequence>60</sequence>
  <level>INFO</level>
  <class>com.kms.katalon.core.logging.KeywordLogger</class>
  <method>logMessage</method>
  <thread>1</thread>
  <message>Clicking on object: &amp;apos;Object Repository/Page_Toko Buku Online Terbesar  Gra/Landing Page/input_email&amp;apos;</message>
  <nestedLevel>1</nestedLevel>
</record>
<record>
  <date>2018-09-10T16:10:07</date>
  <millis>1536570607742</millis>
  <sequence>61</sequence>
  <level>PASSED</level>
  <class>com.kms.katalon.core.logging.KeywordLogger</class>
  <method>logMessage</method>
  <thread>1</thread>
  <message>Object: &amp;apos;Object Repository/Page_Toko Buku Online Terbesar  Gra/Landing Page/input_email&amp;apos; is clicked on</message>
  <nestedLevel>1</nestedLevel>
</record>
<record>
  <date>2018-09-10T16:10:07</date>
  <millis>1536570607743</millis>
  <sequence>62</sequence>
  <level>END</level>
  <class>com.kms.katalon.core.logging.KeywordLogger</class>
  <method>endKeyword</method>
  <thread>1</thread>
  <message>End action : click</message>
  <nestedLevel>1</nestedLevel>
</record>
<record>
  <date>2018-09-10T16:10:07</date>
  <millis>1536570607744</millis>
  <sequence>63</sequence>
  <level>START</level>
  <class>com.kms.katalon.core.logging.KeywordLogger</class>
  <method>startKeyword</method>
  <thread>1</thread>
  <message>Start action : setText</message>
  <nestedLevel>1</nestedLevel>
  <property name="startLine">32</property>
  <property name="stepIndex">6</property>
</record>
<record>
  <date>2018-09-10T16:10:07</date>
  <millis>1536570607745</millis>
  <sequence>64</sequence>
  <level>INFO</level>
  <class>com.kms.katalon.core.logging.KeywordLogger</class>
  <method>logMessage</method>
  <thread>1</thread>
  <message>Finding Test Object with id &amp;apos;Object Repository/Page_Toko Buku Online Terbesar  Gra/Landing Page/input_email&amp;apos;</message>
  <nestedLevel>1</nestedLevel>
</record>
<record>
  <date>2018-09-10T16:10:07</date>
  <millis>1536570607758</millis>
  <sequence>65</sequence>
  <level>INFO</level>
  <class>com.kms.katalon.core.logging.KeywordLogger</class>
  <method>logMessage</method>
  <thread>1</thread>
  <message>Checking object</message>
  <nestedLevel>1</nestedLevel>
</record>
<record>
  <date>2018-09-10T16:10:07</date>
  <millis>1536570607759</millis>
  <sequence>66</sequence>
  <level>INFO</level>
  <class>com.kms.katalon.core.logging.KeywordLogger</class>
  <method>logMessage</method>
  <thread>1</thread>
  <message>Checking text</message>
  <nestedLevel>1</nestedLevel>
</record>
<record>
  <date>2018-09-10T16:10:07</date>
  <millis>1536570607759</millis>
  <sequence>67</sequence>
  <level>INFO</level>
  <class>com.kms.katalon.core.logging.KeywordLogger</class>
  <method>logMessage</method>
  <thread>1</thread>
  <message>Checking timeout</message>
  <nestedLevel>1</nestedLevel>
</record>
<record>
  <date>2018-09-10T16:10:07</date>
  <millis>1536570607760</millis>
  <sequence>68</sequence>
  <level>INFO</level>
  <class>com.kms.katalon.core.logging.KeywordLogger</class>
  <method>logMessage</method>
  <thread>1</thread>
  <message>Finding web element with id: &amp;apos;Object Repository/Page_Toko Buku Online Terbesar  Gra/Landing Page/input_email&amp;apos; located by &amp;apos;By.xpath: //*[@id=\&amp;quot;mat-input-0\&amp;quot;][count(. | //input[@id = &amp;apos;mat-input-0&amp;apos;]) = count(//input[@id = &amp;apos;mat-input-0&amp;apos;])]&amp;apos; in &amp;apos;30&amp;apos; second(s)</message>
  <nestedLevel>1</nestedLevel>
</record>
<record>
  <date>2018-09-10T16:10:07</date>
  <millis>1536570607773</millis>
  <sequence>69</sequence>
  <level>INFO</level>
  <class>com.kms.katalon.core.logging.KeywordLogger</class>
  <method>logMessage</method>
  <thread>1</thread>
  <message>Found 1 web elements with id: &amp;apos;Object Repository/Page_Toko Buku Online Terbesar  Gra/Landing Page/input_email&amp;apos; located by &amp;apos;By.xpath: //*[@id=\&amp;quot;mat-input-0\&amp;quot;][count(. | //input[@id = &amp;apos;mat-input-0&amp;apos;]) = count(//input[@id = &amp;apos;mat-input-0&amp;apos;])]&amp;apos; in &amp;apos;30&amp;apos; second(s)</message>
  <nestedLevel>1</nestedLevel>
</record>
<record>
  <date>2018-09-10T16:10:07</date>
  <millis>1536570607773</millis>
  <sequence>70</sequence>
  <level>INFO</level>
  <class>com.kms.katalon.core.logging.KeywordLogger</class>
  <method>logMessage</method>
  <thread>1</thread>
  <message>Clearing text of object &amp;apos;Object Repository/Page_Toko Buku Online Terbesar  Gra/Landing Page/input_email&amp;apos;</message>
  <nestedLevel>1</nestedLevel>
</record>
<record>
  <date>2018-09-10T16:10:07</date>
  <millis>1536570607792</millis>
  <sequence>71</sequence>
  <level>INFO</level>
  <class>com.kms.katalon.core.logging.KeywordLogger</class>
  <method>logMessage</method>
  <thread>1</thread>
  <message>Checking timeout</message>
  <nestedLevel>1</nestedLevel>
</record>
<record>
  <date>2018-09-10T16:10:07</date>
  <millis>1536570607792</millis>
  <sequence>72</sequence>
  <level>INFO</level>
  <class>com.kms.katalon.core.logging.KeywordLogger</class>
  <method>logMessage</method>
  <thread>1</thread>
  <message>Finding web element with id: &amp;apos;Object Repository/Page_Toko Buku Online Terbesar  Gra/Landing Page/input_email&amp;apos; located by &amp;apos;By.xpath: //*[@id=\&amp;quot;mat-input-0\&amp;quot;][count(. | //input[@id = &amp;apos;mat-input-0&amp;apos;]) = count(//input[@id = &amp;apos;mat-input-0&amp;apos;])]&amp;apos; in &amp;apos;30&amp;apos; second(s)</message>
  <nestedLevel>1</nestedLevel>
</record>
<record>
  <date>2018-09-10T16:10:07</date>
  <millis>1536570607801</millis>
  <sequence>73</sequence>
  <level>INFO</level>
  <class>com.kms.katalon.core.logging.KeywordLogger</class>
  <method>logMessage</method>
  <thread>1</thread>
  <message>Found 1 web elements with id: &amp;apos;Object Repository/Page_Toko Buku Online Terbesar  Gra/Landing Page/input_email&amp;apos; located by &amp;apos;By.xpath: //*[@id=\&amp;quot;mat-input-0\&amp;quot;][count(. | //input[@id = &amp;apos;mat-input-0&amp;apos;]) = count(//input[@id = &amp;apos;mat-input-0&amp;apos;])]&amp;apos; in &amp;apos;30&amp;apos; second(s)</message>
  <nestedLevel>1</nestedLevel>
</record>
<record>
  <date>2018-09-10T16:10:07</date>
  <millis>1536570607808</millis>
  <sequence>74</sequence>
  <level>INFO</level>
  <class>com.kms.katalon.core.logging.KeywordLogger</class>
  <method>logMessage</method>
  <thread>1</thread>
  <message>Setting text of object &amp;apos;Object Repository/Page_Toko Buku Online Terbesar  Gra/Landing Page/input_email&amp;apos; to value &amp;apos;budibudi@gmail.com&amp;apos;</message>
  <nestedLevel>1</nestedLevel>
</record>
<record>
  <date>2018-09-10T16:10:07</date>
  <millis>1536570607998</millis>
  <sequence>75</sequence>
  <level>PASSED</level>
  <class>com.kms.katalon.core.logging.KeywordLogger</class>
  <method>logMessage</method>
  <thread>1</thread>
  <message>Text &amp;apos;budibudi@gmail.com&amp;apos; is set on object &amp;apos;Object Repository/Page_Toko Buku Online Terbesar  Gra/Landing Page/input_email&amp;apos;</message>
  <nestedLevel>1</nestedLevel>
</record>
<record>
  <date>2018-09-10T16:10:07</date>
  <millis>1536570607999</millis>
  <sequence>76</sequence>
  <level>END</level>
  <class>com.kms.katalon.core.logging.KeywordLogger</class>
  <method>endKeyword</method>
  <thread>1</thread>
  <message>End action : setText</message>
  <nestedLevel>1</nestedLevel>
</record>
<record>
  <date>2018-09-10T16:10:07</date>
  <millis>1536570607999</millis>
  <sequence>77</sequence>
  <level>START</level>
  <class>com.kms.katalon.core.logging.KeywordLogger</class>
  <method>startKeyword</method>
  <thread>1</thread>
  <message>Start action : click</message>
  <nestedLevel>1</nestedLevel>
  <property name="startLine">34</property>
  <property name="stepIndex">7</property>
</record>
<record>
  <date>2018-09-10T16:10:08</date>
  <millis>1536570608000</millis>
  <sequence>78</sequence>
  <level>INFO</level>
  <class>com.kms.katalon.core.logging.KeywordLogger</class>
  <method>logMessage</method>
  <thread>1</thread>
  <message>Finding Test Object with id &amp;apos;Object Repository/Page_Toko Buku Online Terbesar  Gra/Landing Page/input_password&amp;apos;</message>
  <nestedLevel>1</nestedLevel>
</record>
<record>
  <date>2018-09-10T16:10:08</date>
  <millis>1536570608011</millis>
  <sequence>79</sequence>
  <level>INFO</level>
  <class>com.kms.katalon.core.logging.KeywordLogger</class>
  <method>logMessage</method>
  <thread>1</thread>
  <message>Checking object</message>
  <nestedLevel>1</nestedLevel>
</record>
<record>
  <date>2018-09-10T16:10:08</date>
  <millis>1536570608011</millis>
  <sequence>80</sequence>
  <level>INFO</level>
  <class>com.kms.katalon.core.logging.KeywordLogger</class>
  <method>logMessage</method>
  <thread>1</thread>
  <message>Checking timeout</message>
  <nestedLevel>1</nestedLevel>
</record>
<record>
  <date>2018-09-10T16:10:08</date>
  <millis>1536570608012</millis>
  <sequence>81</sequence>
  <level>INFO</level>
  <class>com.kms.katalon.core.logging.KeywordLogger</class>
  <method>logMessage</method>
  <thread>1</thread>
  <message>Finding web element with id: &amp;apos;Object Repository/Page_Toko Buku Online Terbesar  Gra/Landing Page/input_password&amp;apos; located by &amp;apos;By.xpath: //*[@id=\&amp;quot;mat-input-1\&amp;quot;][count(. | //input[@class = &amp;apos;mat-input-element mat-form-field-autofill-control ng-untouched ng-pristine ng-invalid&amp;apos; and @name = &amp;apos;password&amp;apos; and @placeholder = &amp;apos;Kata sandi&amp;apos; and @type = &amp;apos;password&amp;apos; and @id = &amp;apos;mat-input-1&amp;apos;]) = count(//input[@class = &amp;apos;mat-input-element mat-form-field-autofill-control ng-untouched ng-pristine ng-invalid&amp;apos; and @name = &amp;apos;password&amp;apos; and @placeholder = &amp;apos;Kata sandi&amp;apos; and @type = &amp;apos;password&amp;apos; and @id = &amp;apos;mat-input-1&amp;apos;])]&amp;apos; in &amp;apos;30&amp;apos; second(s)</message>
  <nestedLevel>1</nestedLevel>
</record>
<record>
  <date>2018-09-10T16:10:08</date>
  <millis>1536570608028</millis>
  <sequence>82</sequence>
  <level>INFO</level>
  <class>com.kms.katalon.core.logging.KeywordLogger</class>
  <method>logMessage</method>
  <thread>1</thread>
  <message>Found 1 web elements with id: &amp;apos;Object Repository/Page_Toko Buku Online Terbesar  Gra/Landing Page/input_password&amp;apos; located by &amp;apos;By.xpath: //*[@id=\&amp;quot;mat-input-1\&amp;quot;][count(. | //input[@class = &amp;apos;mat-input-element mat-form-field-autofill-control ng-untouched ng-pristine ng-invalid&amp;apos; and @name = &amp;apos;password&amp;apos; and @placeholder = &amp;apos;Kata sandi&amp;apos; and @type = &amp;apos;password&amp;apos; and @id = &amp;apos;mat-input-1&amp;apos;]) = count(//input[@class = &amp;apos;mat-input-element mat-form-field-autofill-control ng-untouched ng-pristine ng-invalid&amp;apos; and @name = &amp;apos;password&amp;apos; and @placeholder = &amp;apos;Kata sandi&amp;apos; and @type = &amp;apos;password&amp;apos; and @id = &amp;apos;mat-input-1&amp;apos;])]&amp;apos; in &amp;apos;30&amp;apos; second(s)</message>
  <nestedLevel>1</nestedLevel>
</record>
<record>
  <date>2018-09-10T16:10:08</date>
  <millis>1536570608028</millis>
  <sequence>83</sequence>
  <level>INFO</level>
  <class>com.kms.katalon.core.logging.KeywordLogger</class>
  <method>logMessage</method>
  <thread>1</thread>
  <message>Clicking on object: &amp;apos;Object Repository/Page_Toko Buku Online Terbesar  Gra/Landing Page/input_password&amp;apos;</message>
  <nestedLevel>1</nestedLevel>
</record>
<record>
  <date>2018-09-10T16:10:08</date>
  <millis>1536570608094</millis>
  <sequence>84</sequence>
  <level>PASSED</level>
  <class>com.kms.katalon.core.logging.KeywordLogger</class>
  <method>logMessage</method>
  <thread>1</thread>
  <message>Object: &amp;apos;Object Repository/Page_Toko Buku Online Terbesar  Gra/Landing Page/input_password&amp;apos; is clicked on</message>
  <nestedLevel>1</nestedLevel>
</record>
<record>
  <date>2018-09-10T16:10:08</date>
  <millis>1536570608095</millis>
  <sequence>85</sequence>
  <level>END</level>
  <class>com.kms.katalon.core.logging.KeywordLogger</class>
  <method>endKeyword</method>
  <thread>1</thread>
  <message>End action : click</message>
  <nestedLevel>1</nestedLevel>
</record>
<record>
  <date>2018-09-10T16:10:08</date>
  <millis>1536570608095</millis>
  <sequence>86</sequence>
  <level>START</level>
  <class>com.kms.katalon.core.logging.KeywordLogger</class>
  <method>startKeyword</method>
  <thread>1</thread>
  <message>Start action : setText</message>
  <nestedLevel>1</nestedLevel>
  <property name="startLine">36</property>
  <property name="stepIndex">8</property>
</record>
<record>
  <date>2018-09-10T16:10:08</date>
  <millis>1536570608096</millis>
  <sequence>87</sequence>
  <level>INFO</level>
  <class>com.kms.katalon.core.logging.KeywordLogger</class>
  <method>logMessage</method>
  <thread>1</thread>
  <message>Finding Test Object with id &amp;apos;Object Repository/Page_Toko Buku Online Terbesar  Gra/Landing Page/input_password&amp;apos;</message>
  <nestedLevel>1</nestedLevel>
</record>
<record>
  <date>2018-09-10T16:10:08</date>
  <millis>1536570608099</millis>
  <sequence>88</sequence>
  <level>INFO</level>
  <class>com.kms.katalon.core.logging.KeywordLogger</class>
  <method>logMessage</method>
  <thread>1</thread>
  <message>Checking object</message>
  <nestedLevel>1</nestedLevel>
</record>
<record>
  <date>2018-09-10T16:10:08</date>
  <millis>1536570608099</millis>
  <sequence>89</sequence>
  <level>INFO</level>
  <class>com.kms.katalon.core.logging.KeywordLogger</class>
  <method>logMessage</method>
  <thread>1</thread>
  <message>Checking text</message>
  <nestedLevel>1</nestedLevel>
</record>
<record>
  <date>2018-09-10T16:10:08</date>
  <millis>1536570608099</millis>
  <sequence>90</sequence>
  <level>INFO</level>
  <class>com.kms.katalon.core.logging.KeywordLogger</class>
  <method>logMessage</method>
  <thread>1</thread>
  <message>Checking timeout</message>
  <nestedLevel>1</nestedLevel>
</record>
<record>
  <date>2018-09-10T16:10:08</date>
  <millis>1536570608100</millis>
  <sequence>91</sequence>
  <level>INFO</level>
  <class>com.kms.katalon.core.logging.KeywordLogger</class>
  <method>logMessage</method>
  <thread>1</thread>
  <message>Finding web element with id: &amp;apos;Object Repository/Page_Toko Buku Online Terbesar  Gra/Landing Page/input_password&amp;apos; located by &amp;apos;By.xpath: //*[@id=\&amp;quot;mat-input-1\&amp;quot;][count(. | //input[@class = &amp;apos;mat-input-element mat-form-field-autofill-control ng-untouched ng-pristine ng-invalid&amp;apos; and @name = &amp;apos;password&amp;apos; and @placeholder = &amp;apos;Kata sandi&amp;apos; and @type = &amp;apos;password&amp;apos; and @id = &amp;apos;mat-input-1&amp;apos;]) = count(//input[@class = &amp;apos;mat-input-element mat-form-field-autofill-control ng-untouched ng-pristine ng-invalid&amp;apos; and @name = &amp;apos;password&amp;apos; and @placeholder = &amp;apos;Kata sandi&amp;apos; and @type = &amp;apos;password&amp;apos; and @id = &amp;apos;mat-input-1&amp;apos;])]&amp;apos; in &amp;apos;30&amp;apos; second(s)</message>
  <nestedLevel>1</nestedLevel>
</record>
<record>
  <date>2018-09-10T16:10:08</date>
  <millis>1536570608111</millis>
  <sequence>92</sequence>
  <level>INFO</level>
  <class>com.kms.katalon.core.logging.KeywordLogger</class>
  <method>logMessage</method>
  <thread>1</thread>
  <message>Found 1 web elements with id: &amp;apos;Object Repository/Page_Toko Buku Online Terbesar  Gra/Landing Page/input_password&amp;apos; located by &amp;apos;By.xpath: //*[@id=\&amp;quot;mat-input-1\&amp;quot;][count(. | //input[@class = &amp;apos;mat-input-element mat-form-field-autofill-control ng-untouched ng-pristine ng-invalid&amp;apos; and @name = &amp;apos;password&amp;apos; and @placeholder = &amp;apos;Kata sandi&amp;apos; and @type = &amp;apos;password&amp;apos; and @id = &amp;apos;mat-input-1&amp;apos;]) = count(//input[@class = &amp;apos;mat-input-element mat-form-field-autofill-control ng-untouched ng-pristine ng-invalid&amp;apos; and @name = &amp;apos;password&amp;apos; and @placeholder = &amp;apos;Kata sandi&amp;apos; and @type = &amp;apos;password&amp;apos; and @id = &amp;apos;mat-input-1&amp;apos;])]&amp;apos; in &amp;apos;30&amp;apos; second(s)</message>
  <nestedLevel>1</nestedLevel>
</record>
<record>
  <date>2018-09-10T16:10:08</date>
  <millis>1536570608112</millis>
  <sequence>93</sequence>
  <level>INFO</level>
  <class>com.kms.katalon.core.logging.KeywordLogger</class>
  <method>logMessage</method>
  <thread>1</thread>
  <message>Clearing text of object &amp;apos;Object Repository/Page_Toko Buku Online Terbesar  Gra/Landing Page/input_password&amp;apos;</message>
  <nestedLevel>1</nestedLevel>
</record>
<record>
  <date>2018-09-10T16:10:08</date>
  <millis>1536570608130</millis>
  <sequence>94</sequence>
  <level>INFO</level>
  <class>com.kms.katalon.core.logging.KeywordLogger</class>
  <method>logMessage</method>
  <thread>1</thread>
  <message>Checking timeout</message>
  <nestedLevel>1</nestedLevel>
</record>
<record>
  <date>2018-09-10T16:10:08</date>
  <millis>1536570608131</millis>
  <sequence>95</sequence>
  <level>INFO</level>
  <class>com.kms.katalon.core.logging.KeywordLogger</class>
  <method>logMessage</method>
  <thread>1</thread>
  <message>Finding web element with id: &amp;apos;Object Repository/Page_Toko Buku Online Terbesar  Gra/Landing Page/input_password&amp;apos; located by &amp;apos;By.xpath: //*[@id=\&amp;quot;mat-input-1\&amp;quot;][count(. | //input[@class = &amp;apos;mat-input-element mat-form-field-autofill-control ng-untouched ng-pristine ng-invalid&amp;apos; and @name = &amp;apos;password&amp;apos; and @placeholder = &amp;apos;Kata sandi&amp;apos; and @type = &amp;apos;password&amp;apos; and @id = &amp;apos;mat-input-1&amp;apos;]) = count(//input[@class = &amp;apos;mat-input-element mat-form-field-autofill-control ng-untouched ng-pristine ng-invalid&amp;apos; and @name = &amp;apos;password&amp;apos; and @placeholder = &amp;apos;Kata sandi&amp;apos; and @type = &amp;apos;password&amp;apos; and @id = &amp;apos;mat-input-1&amp;apos;])]&amp;apos; in &amp;apos;30&amp;apos; second(s)</message>
  <nestedLevel>1</nestedLevel>
</record>
<record>
  <date>2018-09-10T16:10:08</date>
  <millis>1536570608141</millis>
  <sequence>96</sequence>
  <level>INFO</level>
  <class>com.kms.katalon.core.logging.KeywordLogger</class>
  <method>logMessage</method>
  <thread>1</thread>
  <message>Found 1 web elements with id: &amp;apos;Object Repository/Page_Toko Buku Online Terbesar  Gra/Landing Page/input_password&amp;apos; located by &amp;apos;By.xpath: //*[@id=\&amp;quot;mat-input-1\&amp;quot;][count(. | //input[@class = &amp;apos;mat-input-element mat-form-field-autofill-control ng-untouched ng-pristine ng-invalid&amp;apos; and @name = &amp;apos;password&amp;apos; and @placeholder = &amp;apos;Kata sandi&amp;apos; and @type = &amp;apos;password&amp;apos; and @id = &amp;apos;mat-input-1&amp;apos;]) = count(//input[@class = &amp;apos;mat-input-element mat-form-field-autofill-control ng-untouched ng-pristine ng-invalid&amp;apos; and @name = &amp;apos;password&amp;apos; and @placeholder = &amp;apos;Kata sandi&amp;apos; and @type = &amp;apos;password&amp;apos; and @id = &amp;apos;mat-input-1&amp;apos;])]&amp;apos; in &amp;apos;30&amp;apos; second(s)</message>
  <nestedLevel>1</nestedLevel>
</record>
<record>
  <date>2018-09-10T16:10:08</date>
  <millis>1536570608142</millis>
  <sequence>97</sequence>
  <level>INFO</level>
  <class>com.kms.katalon.core.logging.KeywordLogger</class>
  <method>logMessage</method>
  <thread>1</thread>
  <message>Setting text of object &amp;apos;Object Repository/Page_Toko Buku Online Terbesar  Gra/Landing Page/input_password&amp;apos; to value &amp;apos;budibudi&amp;apos;</message>
  <nestedLevel>1</nestedLevel>
</record>
<record>
  <date>2018-09-10T16:10:08</date>
  <millis>1536570608231</millis>
  <sequence>98</sequence>
  <level>PASSED</level>
  <class>com.kms.katalon.core.logging.KeywordLogger</class>
  <method>logMessage</method>
  <thread>1</thread>
  <message>Text &amp;apos;budibudi&amp;apos; is set on object &amp;apos;Object Repository/Page_Toko Buku Online Terbesar  Gra/Landing Page/input_password&amp;apos;</message>
  <nestedLevel>1</nestedLevel>
</record>
<record>
  <date>2018-09-10T16:10:08</date>
  <millis>1536570608232</millis>
  <sequence>99</sequence>
  <level>END</level>
  <class>com.kms.katalon.core.logging.KeywordLogger</class>
  <method>endKeyword</method>
  <thread>1</thread>
  <message>End action : setText</message>
  <nestedLevel>1</nestedLevel>
</record>
<record>
  <date>2018-09-10T16:10:08</date>
  <millis>1536570608232</millis>
  <sequence>100</sequence>
  <level>START</level>
  <class>com.kms.katalon.core.logging.KeywordLogger</class>
  <method>startKeyword</method>
  <thread>1</thread>
  <message>Start action : click</message>
  <nestedLevel>1</nestedLevel>
  <property name="startLine">38</property>
  <property name="stepIndex">9</property>
</record>
<record>
  <date>2018-09-10T16:10:08</date>
  <millis>1536570608233</millis>
  <sequence>101</sequence>
  <level>INFO</level>
  <class>com.kms.katalon.core.logging.KeywordLogger</class>
  <method>logMessage</method>
  <thread>1</thread>
  <message>Finding Test Object with id &amp;apos;Object Repository/Page_Toko Buku Online Terbesar  Gra/Landing Page/button_submitLogin&amp;apos;</message>
  <nestedLevel>1</nestedLevel>
</record>
<record>
  <date>2018-09-10T16:10:08</date>
  <millis>1536570608240</millis>
  <sequence>102</sequence>
  <level>INFO</level>
  <class>com.kms.katalon.core.logging.KeywordLogger</class>
  <method>logMessage</method>
  <thread>1</thread>
  <message>Checking object</message>
  <nestedLevel>1</nestedLevel>
</record>
<record>
  <date>2018-09-10T16:10:08</date>
  <millis>1536570608241</millis>
  <sequence>103</sequence>
  <level>INFO</level>
  <class>com.kms.katalon.core.logging.KeywordLogger</class>
  <method>logMessage</method>
  <thread>1</thread>
  <message>Checking timeout</message>
  <nestedLevel>1</nestedLevel>
</record>
<record>
  <date>2018-09-10T16:10:08</date>
  <millis>1536570608241</millis>
  <sequence>104</sequence>
  <level>INFO</level>
  <class>com.kms.katalon.core.logging.KeywordLogger</class>
  <method>logMessage</method>
  <thread>1</thread>
  <message>Finding web element with id: &amp;apos;Object Repository/Page_Toko Buku Online Terbesar  Gra/Landing Page/button_submitLogin&amp;apos; located by &amp;apos;By.xpath: //*[@id=\&amp;quot;login-area\&amp;quot;]/form/button&amp;apos; in &amp;apos;30&amp;apos; second(s)</message>
  <nestedLevel>1</nestedLevel>
</record>
<record>
  <date>2018-09-10T16:10:08</date>
  <millis>1536570608255</millis>
  <sequence>105</sequence>
  <level>INFO</level>
  <class>com.kms.katalon.core.logging.KeywordLogger</class>
  <method>logMessage</method>
  <thread>1</thread>
  <message>Found 1 web elements with id: &amp;apos;Object Repository/Page_Toko Buku Online Terbesar  Gra/Landing Page/button_submitLogin&amp;apos; located by &amp;apos;By.xpath: //*[@id=\&amp;quot;login-area\&amp;quot;]/form/button&amp;apos; in &amp;apos;30&amp;apos; second(s)</message>
  <nestedLevel>1</nestedLevel>
</record>
<record>
  <date>2018-09-10T16:10:08</date>
  <millis>1536570608256</millis>
  <sequence>106</sequence>
  <level>INFO</level>
  <class>com.kms.katalon.core.logging.KeywordLogger</class>
  <method>logMessage</method>
  <thread>1</thread>
  <message>Clicking on object: &amp;apos;Object Repository/Page_Toko Buku Online Terbesar  Gra/Landing Page/button_submitLogin&amp;apos;</message>
  <nestedLevel>1</nestedLevel>
</record>
<record>
  <date>2018-09-10T16:10:08</date>
  <millis>1536570608315</millis>
  <sequence>107</sequence>
  <level>PASSED</level>
  <class>com.kms.katalon.core.logging.KeywordLogger</class>
  <method>logMessage</method>
  <thread>1</thread>
  <message>Object: &amp;apos;Object Repository/Page_Toko Buku Online Terbesar  Gra/Landing Page/button_submitLogin&amp;apos; is clicked on</message>
  <nestedLevel>1</nestedLevel>
</record>
<record>
  <date>2018-09-10T16:10:08</date>
  <millis>1536570608315</millis>
  <sequence>108</sequence>
  <level>END</level>
  <class>com.kms.katalon.core.logging.KeywordLogger</class>
  <method>endKeyword</method>
  <thread>1</thread>
  <message>End action : click</message>
  <nestedLevel>1</nestedLevel>
</record>
<record>
  <date>2018-09-10T16:10:08</date>
  <millis>1536570608315</millis>
  <sequence>109</sequence>
  <level>PASSED</level>
  <class>com.kms.katalon.core.logging.KeywordLogger</class>
  <method>logMessage</method>
  <thread>1</thread>
  <message>Test Cases/LandingPage/Login</message>
  <nestedLevel>1</nestedLevel>
</record>
<record>
  <date>2018-09-10T16:10:08</date>
  <millis>1536570608316</millis>
  <sequence>110</sequence>
  <level>END</level>
  <class>com.kms.katalon.core.logging.KeywordLogger</class>
  <method>endTest</method>
  <thread>1</thread>
  <message>End Test Case : Test Cases/LandingPage/Login</message>
  <nestedLevel>0</nestedLevel>
</record>
<record>
  <date>2018-09-10T16:10:08</date>
  <millis>1536570608321</millis>
  <sequence>111</sequence>
  <level>START</level>
  <class>com.kms.katalon.core.logging.KeywordLogger</class>
  <method>startTest</method>
  <thread>1</thread>
  <message>Start Test Case : Test Cases/Payment/AddBooktoCart</message>
  <nestedLevel>1</nestedLevel>
  <property name="name">Test Cases/Payment/AddBooktoCart</property>
  <property name="description"></property>
  <property name="id">Test Cases/Payment/AddBooktoCart</property>
  <property name="source">\\Users\\danandio\\git\\KatalonGramedia\\Test Cases\\Payment\\AddBooktoCart.tc</property>
  <property name="isOptional">false</property>
</record>
<record>
  <date>2018-09-10T16:10:08</date>
  <millis>1536570608326</millis>
  <sequence>112</sequence>
  <level>INFO</level>
  <class>com.kms.katalon.core.logging.KeywordLogger</class>
  <method>logMessage</method>
  <thread>1</thread>
  <message>Evaluating variables for test case</message>
  <nestedLevel>1</nestedLevel>
</record>
<record>
  <date>2018-09-10T16:10:08</date>
  <millis>1536570608350</millis>
  <sequence>113</sequence>
  <level>INFO</level>
  <class>com.kms.katalon.core.logging.KeywordLogger</class>
  <method>logMessage</method>
  <thread>1</thread>
  <message>Variable &amp;apos;searchsome&amp;apos; is set to jumpsuit as default</message>
  <nestedLevel>1</nestedLevel>
</record>
<record>
  <date>2018-09-10T16:10:08</date>
  <millis>1536570608437</millis>
  <sequence>114</sequence>
  <level>START</level>
  <class>com.kms.katalon.core.logging.KeywordLogger</class>
  <method>startKeyword</method>
  <thread>1</thread>
  <message>Start action : click</message>
  <nestedLevel>1</nestedLevel>
  <property name="startLine">22</property>
  <property name="stepIndex">1</property>
</record>
<record>
  <date>2018-09-10T16:10:08</date>
  <millis>1536570608442</millis>
  <sequence>115</sequence>
  <level>INFO</level>
  <class>com.kms.katalon.core.logging.KeywordLogger</class>
  <method>logMessage</method>
  <thread>1</thread>
  <message>Finding Test Object with id &amp;apos;Object Repository/Page_Toko Buku Online Terbesar  Gra/Landing Page/Button_CategoryHeader&amp;apos;</message>
  <nestedLevel>1</nestedLevel>
</record>
<record>
  <date>2018-09-10T16:10:08</date>
  <millis>1536570608451</millis>
  <sequence>116</sequence>
  <level>INFO</level>
  <class>com.kms.katalon.core.logging.KeywordLogger</class>
  <method>logMessage</method>
  <thread>1</thread>
  <message>Checking object</message>
  <nestedLevel>1</nestedLevel>
</record>
<record>
  <date>2018-09-10T16:10:08</date>
  <millis>1536570608451</millis>
  <sequence>117</sequence>
  <level>INFO</level>
  <class>com.kms.katalon.core.logging.KeywordLogger</class>
  <method>logMessage</method>
  <thread>1</thread>
  <message>Checking timeout</message>
  <nestedLevel>1</nestedLevel>
</record>
<record>
  <date>2018-09-10T16:10:08</date>
  <millis>1536570608452</millis>
  <sequence>118</sequence>
  <level>INFO</level>
  <class>com.kms.katalon.core.logging.KeywordLogger</class>
  <method>logMessage</method>
  <thread>1</thread>
  <message>Finding web element with id: &amp;apos;Object Repository/Page_Toko Buku Online Terbesar  Gra/Landing Page/Button_CategoryHeader&amp;apos; located by &amp;apos;By.xpath: /html/body/gm-root/header[2]/div/div/gm-category-selector/div/button[1]&amp;apos; in &amp;apos;30&amp;apos; second(s)</message>
  <nestedLevel>1</nestedLevel>
</record>
<record>
  <date>2018-09-10T16:10:08</date>
  <millis>1536570608472</millis>
  <sequence>119</sequence>
  <level>INFO</level>
  <class>com.kms.katalon.core.logging.KeywordLogger</class>
  <method>logMessage</method>
  <thread>1</thread>
  <message>Found 1 web elements with id: &amp;apos;Object Repository/Page_Toko Buku Online Terbesar  Gra/Landing Page/Button_CategoryHeader&amp;apos; located by &amp;apos;By.xpath: /html/body/gm-root/header[2]/div/div/gm-category-selector/div/button[1]&amp;apos; in &amp;apos;30&amp;apos; second(s)</message>
  <nestedLevel>1</nestedLevel>
</record>
<record>
  <date>2018-09-10T16:10:08</date>
  <millis>1536570608472</millis>
  <sequence>120</sequence>
  <level>INFO</level>
  <class>com.kms.katalon.core.logging.KeywordLogger</class>
  <method>logMessage</method>
  <thread>1</thread>
  <message>Clicking on object: &amp;apos;Object Repository/Page_Toko Buku Online Terbesar  Gra/Landing Page/Button_CategoryHeader&amp;apos;</message>
  <nestedLevel>1</nestedLevel>
</record>
<record>
  <date>2018-09-10T16:10:11</date>
  <millis>1536570611427</millis>
  <sequence>121</sequence>
  <level>FAILED</level>
  <class>com.kms.katalon.core.logging.KeywordLogger</class>
  <method>logMessage</method>
  <thread>1</thread>
  <message>Unable to click on object &amp;apos;Object Repository/Page_Toko Buku Online Terbesar  Gra/Landing Page/Button_CategoryHeader&amp;apos; (Root cause: org.openqa.selenium.StaleElementReferenceException: stale element reference: element is not attached to the page document\n  (Session info: chrome=68.0.3440.106)\n  (Driver info: chromedriver=2.35.528157 (4429ca2590d6988c0745c24c8858745aaaec01ef),platform=Mac OS X 10.13.6 x86_64) (WARNING: The server did not provide any stacktrace information)\nCommand duration or timeout: 0 milliseconds\nFor documentation on this error, please visit: http://seleniumhq.org/exceptions/stale_element_reference.html\nBuild info: version: &amp;apos;3.7.1&amp;apos;, revision: &amp;apos;8a0099a&amp;apos;, time: &amp;apos;2017-11-06T21:07:36.161Z&amp;apos;\nSystem info: host: &amp;apos;Danans-MacBook-Pro.local&amp;apos;, ip: &amp;apos;fe80:0:0:0:f0:5aa4:99df:eb27%en0&amp;apos;, os.name: &amp;apos;Mac OS X&amp;apos;, os.arch: &amp;apos;x86_64&amp;apos;, os.version: &amp;apos;10.13.6&amp;apos;, java.version: &amp;apos;1.8.0_181&amp;apos;\nDriver info: com.kms.katalon.selenium.driver.CChromeDriver\nCapabilities {acceptInsecureCerts: false, acceptSslCerts: false, applicationCacheEnabled: false, browserConnectionEnabled: false, browserName: chrome, chrome: {chromedriverVersion: 2.35.528157 (4429ca2590d698..., userDataDir: /var/folders/f1/kfq0kt09427...}, cssSelectorsEnabled: true, databaseEnabled: false, handlesAlerts: true, hasTouchScreen: false, javascriptEnabled: true, locationContextEnabled: true, mobileEmulationEnabled: false, nativeEvents: true, networkConnectionEnabled: false, pageLoadStrategy: normal, platform: MAC, platformName: MAC, rotatable: false, setWindowRect: true, takesHeapSnapshot: true, takesScreenshot: true, unexpectedAlertBehaviour: , unhandledPromptBehavior: , version: 68.0.3440.106, webStorageEnabled: true}\nSession ID: aa785a5686c04eae7e9942f08c172528)</message>
  <nestedLevel>1</nestedLevel>
  <property name="attachment">1536570610080.png</property>
</record>
<record>
  <date>2018-09-10T16:10:11</date>
  <millis>1536570611428</millis>
  <sequence>122</sequence>
  <level>END</level>
  <class>com.kms.katalon.core.logging.KeywordLogger</class>
  <method>endKeyword</method>
  <thread>1</thread>
  <message>End action : click</message>
  <nestedLevel>1</nestedLevel>
</record>
<record>
  <date>2018-09-10T16:10:11</date>
  <millis>1536570611428</millis>
  <sequence>123</sequence>
  <logger>com.kms.katalon.core.logging.KeywordLogger</logger>
  <level>FAILED</level>
  <class>com.kms.katalon.core.logging.KeywordLogger</class>
  <method>logMessage</method>
  <thread>1</thread>
  <message>Test Cases/Payment/AddBooktoCart FAILED because (of) Unable to click on object &amp;apos;Object Repository/Page_Toko Buku Online Terbesar  Gra/Landing Page/Button_CategoryHeader&amp;apos; (Root cause: org.openqa.selenium.StaleElementReferenceException: stale element reference: element is not attached to the page document\n  (Session info: chrome=68.0.3440.106)\n  (Driver info: chromedriver=2.35.528157 (4429ca2590d6988c0745c24c8858745aaaec01ef),platform=Mac OS X 10.13.6 x86_64) (WARNING: The server did not provide any stacktrace information)\nCommand duration or timeout: 0 milliseconds\nFor documentation on this error, please visit: http://seleniumhq.org/exceptions/stale_element_reference.html\nBuild info: version: &amp;apos;3.7.1&amp;apos;, revision: &amp;apos;8a0099a&amp;apos;, time: &amp;apos;2017-11-06T21:07:36.161Z&amp;apos;\nSystem info: host: &amp;apos;Danans-MacBook-Pro.local&amp;apos;, ip: &amp;apos;fe80:0:0:0:f0:5aa4:99df:eb27%en0&amp;apos;, os.name: &amp;apos;Mac OS X&amp;apos;, os.arch: &amp;apos;x86_64&amp;apos;, os.version: &amp;apos;10.13.6&amp;apos;, java.version: &amp;apos;1.8.0_181&amp;apos;\nDriver info: com.kms.katalon.selenium.driver.CChromeDriver\nCapabilities {acceptInsecureCerts: false, acceptSslCerts: false, applicationCacheEnabled: false, browserConnectionEnabled: false, browserName: chrome, chrome: {chromedriverVersion: 2.35.528157 (4429ca2590d698..., userDataDir: /var/folders/f1/kfq0kt09427...}, cssSelectorsEnabled: true, databaseEnabled: false, handlesAlerts: true, hasTouchScreen: false, javascriptEnabled: true, locationContextEnabled: true, mobileEmulationEnabled: false, nativeEvents: true, networkConnectionEnabled: false, pageLoadStrategy: normal, platform: MAC, platformName: MAC, rotatable: false, setWindowRect: true, takesHeapSnapshot: true, takesScreenshot: true, unexpectedAlertBehaviour: , unhandledPromptBehavior: , version: 68.0.3440.106, webStorageEnabled: true}\nSession ID: aa785a5686c04eae7e9942f08c172528)</message>
  <exception>
    <message>com.kms.katalon.core.exception.StepFailedException: Unable to click on object 'Object Repository/Page_Toko Buku Online Terbesar  Gra/Landing Page/Button_CategoryHeader' (Root cause: org.openqa.selenium.StaleElementReferenceException: stale element reference: element is not attached to the page document
  (Session info: chrome=68.0.3440.106)
  (Driver info: chromedriver=2.35.528157 (4429ca2590d6988c0745c24c8858745aaaec01ef),platform=Mac OS X 10.13.6 x86_64) (WARNING: The server did not provide any stacktrace information)
Command duration or timeout: 0 milliseconds
For documentation on this error, please visit: http://seleniumhq.org/exceptions/stale_element_reference.html
Build info: version: '3.7.1', revision: '8a0099a', time: '2017-11-06T21:07:36.161Z'
System info: host: 'Danans-MacBook-Pro.local', ip: 'fe80:0:0:0:f0:5aa4:99df:eb27%en0', os.name: 'Mac OS X', os.arch: 'x86_64', os.version: '10.13.6', java.version: '1.8.0_181'
Driver info: com.kms.katalon.selenium.driver.CChromeDriver
Capabilities {acceptInsecureCerts: false, acceptSslCerts: false, applicationCacheEnabled: false, browserConnectionEnabled: false, browserName: chrome, chrome: {chromedriverVersion: 2.35.528157 (4429ca2590d698..., userDataDir: /var/folders/f1/kfq0kt09427...}, cssSelectorsEnabled: true, databaseEnabled: false, handlesAlerts: true, hasTouchScreen: false, javascriptEnabled: true, locationContextEnabled: true, mobileEmulationEnabled: false, nativeEvents: true, networkConnectionEnabled: false, pageLoadStrategy: normal, platform: MAC, platformName: MAC, rotatable: false, setWindowRect: true, takesHeapSnapshot: true, takesScreenshot: true, unexpectedAlertBehaviour: , unhandledPromptBehavior: , version: 68.0.3440.106, webStorageEnabled: true}
Session ID: aa785a5686c04eae7e9942f08c172528)</message>
    <frame>
      <class>com.kms.katalon.core.keyword.internal.KeywordMain</class>
      <method>stepFailed</method>
      <line>36</line>
    </frame>
    <frame>
      <class>com.kms.katalon.core.webui.keyword.internal.WebUIKeywordMain</class>
      <method>stepFailed</method>
      <line>65</line>
    </frame>
    <frame>
      <class>com.kms.katalon.core.webui.keyword.internal.WebUIKeywordMain</class>
      <method>runKeyword</method>
      <line>27</line>
    </frame>
    <frame>
      <class>com.kms.katalon.core.webui.keyword.builtin.ClickKeyword</class>
      <method>click</method>
      <line>86</line>
    </frame>
    <frame>
      <class>com.kms.katalon.core.webui.keyword.builtin.ClickKeyword</class>
      <method>execute</method>
      <line>67</line>
    </frame>
    <frame>
      <class>com.kms.katalon.core.keyword.internal.KeywordExecutor</class>
      <method>executeKeywordForPlatform</method>
      <line>53</line>
    </frame>
    <frame>
      <class>com.kms.katalon.core.webui.keyword.WebUiBuiltInKeywords</class>
      <method>click</method>
      <line>616</line>
    </frame>
    <frame>
      <class>com.kms.katalon.core.webui.keyword.WebUiBuiltInKeywords$click$1</class>
      <method>call</method>
    </frame>
    <frame>
      <class>org.codehaus.groovy.runtime.callsite.CallSiteArray</class>
      <method>defaultCall</method>
      <line>48</line>
    </frame>
    <frame>
      <class>org.codehaus.groovy.runtime.callsite.AbstractCallSite</class>
      <method>call</method>
      <line>113</line>
    </frame>
    <frame>
      <class>org.codehaus.groovy.runtime.callsite.AbstractCallSite</class>
      <method>call</method>
      <line>125</line>
    </frame>
    <frame>
      <class>Script1535614836592</class>
      <method>run</method>
      <line>22</line>
    </frame>
    <frame>
      <class>com.kms.katalon.core.main.ScriptEngine</class>
      <method>run</method>
      <line>183</line>
    </frame>
    <frame>
      <class>com.kms.katalon.core.main.ScriptEngine</class>
      <method>runScriptAsRawText</method>
      <line>108</line>
    </frame>
    <frame>
      <class>com.kms.katalon.core.main.TestCaseExecutor</class>
      <method>runScript</method>
      <line>294</line>
    </frame>
    <frame>
      <class>com.kms.katalon.core.main.TestCaseExecutor</class>
      <method>doExecute</method>
      <line>285</line>
    </frame>
    <frame>
      <class>com.kms.katalon.core.main.TestCaseExecutor</class>
      <method>processExecutionPhase</method>
      <line>264</line>
    </frame>
    <frame>
      <class>com.kms.katalon.core.main.TestCaseExecutor</class>
      <method>accessMainPhase</method>
      <line>256</line>
    </frame>
    <frame>
      <class>com.kms.katalon.core.main.TestCaseExecutor</class>
      <method>execute</method>
      <line>200</line>
    </frame>
    <frame>
      <class>com.kms.katalon.core.main.TestSuiteExecutor</class>
      <method>accessTestCaseMainPhase</method>
      <line>129</line>
    </frame>
    <frame>
      <class>com.kms.katalon.core.main.TestSuiteExecutor</class>
      <method>accessTestSuiteMainPhase</method>
      <line>112</line>
    </frame>
    <frame>
      <class>com.kms.katalon.core.main.TestSuiteExecutor</class>
      <method>execute</method>
      <line>81</line>
    </frame>
    <frame>
      <class>com.kms.katalon.core.main.TestCaseMain</class>
      <method>startTestSuite</method>
      <line>131</line>
    </frame>
    <frame>
      <class>com.kms.katalon.core.main.TestCaseMain$startTestSuite$0</class>
      <method>call</method>
    </frame>
    <frame>
      <class>org.codehaus.groovy.runtime.callsite.CallSiteArray</class>
      <method>defaultCall</method>
      <line>48</line>
    </frame>
    <frame>
      <class>org.codehaus.groovy.runtime.callsite.AbstractCallSite</class>
      <method>call</method>
      <line>113</line>
    </frame>
    <frame>
      <class>org.codehaus.groovy.runtime.callsite.AbstractCallSite</class>
      <method>call</method>
      <line>141</line>
    </frame>
    <frame>
      <class>TempTestSuite1536570577108</class>
      <method>run</method>
      <line>35</line>
    </frame>
    <frame>
      <class>groovy.lang.GroovyShell</class>
      <method>runScriptOrMainOrTestOrRunnable</method>
      <line>263</line>
    </frame>
    <frame>
      <class>groovy.lang.GroovyShell</class>
      <method>run</method>
      <line>518</line>
    </frame>
    <frame>
      <class>groovy.lang.GroovyShell</class>
      <method>run</method>
      <line>507</line>
    </frame>
    <frame>
      <class>groovy.ui.GroovyMain</class>
      <method>processOnce</method>
      <line>653</line>
    </frame>
    <frame>
      <class>groovy.ui.GroovyMain</class>
      <method>run</method>
      <line>384</line>
    </frame>
    <frame>
      <class>groovy.ui.GroovyMain</class>
      <method>process</method>
      <line>370</line>
    </frame>
    <frame>
      <class>groovy.ui.GroovyMain</class>
      <method>processArgs</method>
      <line>129</line>
    </frame>
    <frame>
      <class>groovy.ui.GroovyMain</class>
      <method>main</method>
      <line>109</line>
    </frame>
    <frame>
      <class>sun.reflect.NativeMethodAccessorImpl</class>
      <method>invoke0</method>
    </frame>
    <frame>
      <class>sun.reflect.NativeMethodAccessorImpl</class>
      <method>invoke</method>
      <line>62</line>
    </frame>
    <frame>
      <class>sun.reflect.DelegatingMethodAccessorImpl</class>
      <method>invoke</method>
      <line>43</line>
    </frame>
    <frame>
      <class>java.lang.reflect.Method</class>
      <method>invoke</method>
      <line>498</line>
    </frame>
    <frame>
      <class>org.codehaus.groovy.tools.GroovyStarter</class>
      <method>rootLoader</method>
      <line>109</line>
    </frame>
    <frame>
      <class>org.codehaus.groovy.tools.GroovyStarter</class>
      <method>main</method>
      <line>131</line>
    </frame>
  </exception>
  <nestedLevel>0</nestedLevel>
</record>
<record>
  <date>2018-09-10T16:10:11</date>
  <millis>1536570611431</millis>
  <sequence>124</sequence>
  <level>END</level>
  <class>com.kms.katalon.core.logging.KeywordLogger</class>
  <method>endTest</method>
  <thread>1</thread>
  <message>End Test Case : Test Cases/Payment/AddBooktoCart</message>
  <nestedLevel>0</nestedLevel>
</record>
<record>
  <date>2018-09-10T16:10:11</date>
  <millis>1536570611439</millis>
  <sequence>125</sequence>
  <level>START</level>
  <class>com.kms.katalon.core.logging.KeywordLogger</class>
  <method>startTest</method>
  <thread>1</thread>
  <message>Start Test Case : Test Cases/Payment/CheckoutPayment</message>
  <nestedLevel>1</nestedLevel>
  <property name="name">Test Cases/Payment/CheckoutPayment</property>
  <property name="description"></property>
  <property name="id">Test Cases/Payment/CheckoutPayment</property>
  <property name="source">\\Users\\danandio\\git\\KatalonGramedia\\Test Cases\\Payment\\CheckoutPayment.tc</property>
  <property name="isOptional">false</property>
</record>
<record>
  <date>2018-09-10T16:10:11</date>
  <millis>1536570611446</millis>
  <sequence>126</sequence>
  <level>INFO</level>
  <class>com.kms.katalon.core.logging.KeywordLogger</class>
  <method>logMessage</method>
  <thread>1</thread>
  <message>Evaluating variables for test case</message>
  <nestedLevel>1</nestedLevel>
</record>
<record>
  <date>2018-09-10T16:10:11</date>
  <millis>1536570611533</millis>
  <sequence>127</sequence>
  <level>START</level>
  <class>com.kms.katalon.core.logging.KeywordLogger</class>
  <method>startKeyword</method>
  <thread>1</thread>
  <message>Start action : click</message>
  <nestedLevel>1</nestedLevel>
  <property name="startLine">22</property>
  <property name="stepIndex">1</property>
</record>
<record>
  <date>2018-09-10T16:10:11</date>
  <millis>1536570611533</millis>
  <sequence>128</sequence>
  <level>INFO</level>
  <class>com.kms.katalon.core.logging.KeywordLogger</class>
  <method>logMessage</method>
  <thread>1</thread>
  <message>Finding Test Object with id &amp;apos;Object Repository/CheckoutPage/Button_LanjutkanPmbayaran&amp;apos;</message>
  <nestedLevel>1</nestedLevel>
</record>
<record>
  <date>2018-09-10T16:10:11</date>
  <millis>1536570611543</millis>
  <sequence>129</sequence>
  <level>INFO</level>
  <class>com.kms.katalon.core.logging.KeywordLogger</class>
  <method>logMessage</method>
  <thread>1</thread>
  <message>Checking object</message>
  <nestedLevel>1</nestedLevel>
</record>
<record>
  <date>2018-09-10T16:10:11</date>
  <millis>1536570611544</millis>
  <sequence>130</sequence>
  <level>INFO</level>
  <class>com.kms.katalon.core.logging.KeywordLogger</class>
  <method>logMessage</method>
  <thread>1</thread>
  <message>Checking timeout</message>
  <nestedLevel>1</nestedLevel>
</record>
<record>
  <date>2018-09-10T16:10:11</date>
  <millis>1536570611545</millis>
  <sequence>131</sequence>
  <level>INFO</level>
  <class>com.kms.katalon.core.logging.KeywordLogger</class>
  <method>logMessage</method>
  <thread>1</thread>
  <message>Finding web element with id: &amp;apos;Object Repository/CheckoutPage/Button_LanjutkanPmbayaran&amp;apos; located by &amp;apos;By.xpath: //*[@id=\&amp;quot;gm-checkout-shipping\&amp;quot;]/div[2]/div[1]/div/div[2]/button&amp;apos; in &amp;apos;30&amp;apos; second(s)</message>
  <nestedLevel>1</nestedLevel>
</record>
<record>
  <date>2018-09-10T16:10:42</date>
  <millis>1536570642573</millis>
  <sequence>132</sequence>
  <level>INFO</level>
  <class>com.kms.katalon.core.logging.KeywordLogger</class>
  <method>logMessage</method>
  <thread>1</thread>
  <message>Found web element with id: &amp;apos;Object Repository/CheckoutPage/Button_LanjutkanPmbayaran&amp;apos; using heuristic method. Matching attributes: [tag].</message>
  <nestedLevel>1</nestedLevel>
</record>
<record>
  <date>2018-09-10T16:10:42</date>
  <millis>1536570642573</millis>
  <sequence>133</sequence>
  <level>INFO</level>
  <class>com.kms.katalon.core.logging.KeywordLogger</class>
  <method>logMessage</method>
  <thread>1</thread>
  <message>Web element found by heuristic method is not used because we can&amp;apos;t guarantee it reflects the intended element.</message>
  <nestedLevel>1</nestedLevel>
</record>
<record>
  <date>2018-09-10T16:10:42</date>
  <millis>1536570642574</millis>
  <sequence>134</sequence>
  <level>INFO</level>
  <class>com.kms.katalon.core.logging.KeywordLogger</class>
  <method>logMessage</method>
  <thread>1</thread>
  <message>You should consult our guide in choosing attributes : https://docs.katalon.com/x/fhlO</message>
  <nestedLevel>1</nestedLevel>
</record>
<record>
  <date>2018-09-10T16:10:43</date>
  <millis>1536570643441</millis>
  <sequence>135</sequence>
  <level>FAILED</level>
  <class>com.kms.katalon.core.logging.KeywordLogger</class>
  <method>logMessage</method>
  <thread>1</thread>
  <message>Unable to click on object &amp;apos;Object Repository/CheckoutPage/Button_LanjutkanPmbayaran&amp;apos; (Root cause: com.kms.katalon.core.webui.exception.WebElementNotFoundException: Web element with id: &amp;apos;Object Repository/CheckoutPage/Button_LanjutkanPmbayaran&amp;apos; located by &amp;apos;By.xpath: //*[@id=\&amp;quot;gm-checkout-shipping\&amp;quot;]/div[2]/div[1]/div/div[2]/button&amp;apos; not found)</message>
  <nestedLevel>1</nestedLevel>
  <property name="attachment">1536570642574.png</property>
</record>
<record>
  <date>2018-09-10T16:10:43</date>
  <millis>1536570643441</millis>
  <sequence>136</sequence>
  <level>END</level>
  <class>com.kms.katalon.core.logging.KeywordLogger</class>
  <method>endKeyword</method>
  <thread>1</thread>
  <message>End action : click</message>
  <nestedLevel>1</nestedLevel>
</record>
<record>
  <date>2018-09-10T16:10:43</date>
  <millis>1536570643442</millis>
  <sequence>137</sequence>
  <logger>com.kms.katalon.core.logging.KeywordLogger</logger>
  <level>FAILED</level>
  <class>com.kms.katalon.core.logging.KeywordLogger</class>
  <method>logMessage</method>
  <thread>1</thread>
  <message>Test Cases/Payment/CheckoutPayment FAILED because (of) Unable to click on object &amp;apos;Object Repository/CheckoutPage/Button_LanjutkanPmbayaran&amp;apos; (Root cause: com.kms.katalon.core.webui.exception.WebElementNotFoundException: Web element with id: &amp;apos;Object Repository/CheckoutPage/Button_LanjutkanPmbayaran&amp;apos; located by &amp;apos;By.xpath: //*[@id=\&amp;quot;gm-checkout-shipping\&amp;quot;]/div[2]/div[1]/div/div[2]/button&amp;apos; not found)</message>
  <exception>
    <message>com.kms.katalon.core.exception.StepFailedException: Unable to click on object 'Object Repository/CheckoutPage/Button_LanjutkanPmbayaran' (Root cause: com.kms.katalon.core.webui.exception.WebElementNotFoundException: Web element with id: 'Object Repository/CheckoutPage/Button_LanjutkanPmbayaran' located by 'By.xpath: //*[@id="gm-checkout-shipping"]/div[2]/div[1]/div/div[2]/button' not found)</message>
    <frame>
      <class>com.kms.katalon.core.keyword.internal.KeywordMain</class>
      <method>stepFailed</method>
      <line>36</line>
    </frame>
    <frame>
      <class>com.kms.katalon.core.webui.keyword.internal.WebUIKeywordMain</class>
      <method>stepFailed</method>
      <line>65</line>
    </frame>
    <frame>
      <class>com.kms.katalon.core.webui.keyword.internal.WebUIKeywordMain</class>
      <method>runKeyword</method>
      <line>27</line>
    </frame>
    <frame>
      <class>com.kms.katalon.core.webui.keyword.builtin.ClickKeyword</class>
      <method>click</method>
      <line>86</line>
    </frame>
    <frame>
      <class>com.kms.katalon.core.webui.keyword.builtin.ClickKeyword</class>
      <method>execute</method>
      <line>67</line>
    </frame>
    <frame>
      <class>com.kms.katalon.core.keyword.internal.KeywordExecutor</class>
      <method>executeKeywordForPlatform</method>
      <line>53</line>
    </frame>
    <frame>
      <class>com.kms.katalon.core.webui.keyword.WebUiBuiltInKeywords</class>
      <method>click</method>
      <line>616</line>
    </frame>
    <frame>
      <class>com.kms.katalon.core.webui.keyword.WebUiBuiltInKeywords$click$1</class>
      <method>call</method>
    </frame>
    <frame>
      <class>org.codehaus.groovy.runtime.callsite.CallSiteArray</class>
      <method>defaultCall</method>
      <line>48</line>
    </frame>
    <frame>
      <class>org.codehaus.groovy.runtime.callsite.AbstractCallSite</class>
      <method>call</method>
      <line>113</line>
    </frame>
    <frame>
      <class>org.codehaus.groovy.runtime.callsite.AbstractCallSite</class>
      <method>call</method>
      <line>125</line>
    </frame>
    <frame>
      <class>Script1536563396924</class>
      <method>run</method>
      <line>22</line>
    </frame>
    <frame>
      <class>com.kms.katalon.core.main.ScriptEngine</class>
      <method>run</method>
      <line>183</line>
    </frame>
    <frame>
      <class>com.kms.katalon.core.main.ScriptEngine</class>
      <method>runScriptAsRawText</method>
      <line>108</line>
    </frame>
    <frame>
      <class>com.kms.katalon.core.main.TestCaseExecutor</class>
      <method>runScript</method>
      <line>294</line>
    </frame>
    <frame>
      <class>com.kms.katalon.core.main.TestCaseExecutor</class>
      <method>doExecute</method>
      <line>285</line>
    </frame>
    <frame>
      <class>com.kms.katalon.core.main.TestCaseExecutor</class>
      <method>processExecutionPhase</method>
      <line>264</line>
    </frame>
    <frame>
      <class>com.kms.katalon.core.main.TestCaseExecutor</class>
      <method>accessMainPhase</method>
      <line>256</line>
    </frame>
    <frame>
      <class>com.kms.katalon.core.main.TestCaseExecutor</class>
      <method>execute</method>
      <line>200</line>
    </frame>
    <frame>
      <class>com.kms.katalon.core.main.TestSuiteExecutor</class>
      <method>accessTestCaseMainPhase</method>
      <line>129</line>
    </frame>
    <frame>
      <class>com.kms.katalon.core.main.TestSuiteExecutor</class>
      <method>accessTestSuiteMainPhase</method>
      <line>112</line>
    </frame>
    <frame>
      <class>com.kms.katalon.core.main.TestSuiteExecutor</class>
      <method>execute</method>
      <line>81</line>
    </frame>
    <frame>
      <class>com.kms.katalon.core.main.TestCaseMain</class>
      <method>startTestSuite</method>
      <line>131</line>
    </frame>
    <frame>
      <class>com.kms.katalon.core.main.TestCaseMain$startTestSuite$0</class>
      <method>call</method>
    </frame>
    <frame>
      <class>org.codehaus.groovy.runtime.callsite.CallSiteArray</class>
      <method>defaultCall</method>
      <line>48</line>
    </frame>
    <frame>
      <class>org.codehaus.groovy.runtime.callsite.AbstractCallSite</class>
      <method>call</method>
      <line>113</line>
    </frame>
    <frame>
      <class>org.codehaus.groovy.runtime.callsite.AbstractCallSite</class>
      <method>call</method>
      <line>141</line>
    </frame>
    <frame>
      <class>TempTestSuite1536570577108</class>
      <method>run</method>
      <line>35</line>
    </frame>
    <frame>
      <class>groovy.lang.GroovyShell</class>
      <method>runScriptOrMainOrTestOrRunnable</method>
      <line>263</line>
    </frame>
    <frame>
      <class>groovy.lang.GroovyShell</class>
      <method>run</method>
      <line>518</line>
    </frame>
    <frame>
      <class>groovy.lang.GroovyShell</class>
      <method>run</method>
      <line>507</line>
    </frame>
    <frame>
      <class>groovy.ui.GroovyMain</class>
      <method>processOnce</method>
      <line>653</line>
    </frame>
    <frame>
      <class>groovy.ui.GroovyMain</class>
      <method>run</method>
      <line>384</line>
    </frame>
    <frame>
      <class>groovy.ui.GroovyMain</class>
      <method>process</method>
      <line>370</line>
    </frame>
    <frame>
      <class>groovy.ui.GroovyMain</class>
      <method>processArgs</method>
      <line>129</line>
    </frame>
    <frame>
      <class>groovy.ui.GroovyMain</class>
      <method>main</method>
      <line>109</line>
    </frame>
    <frame>
      <class>sun.reflect.NativeMethodAccessorImpl</class>
      <method>invoke0</method>
    </frame>
    <frame>
      <class>sun.reflect.NativeMethodAccessorImpl</class>
      <method>invoke</method>
      <line>62</line>
    </frame>
    <frame>
      <class>sun.reflect.DelegatingMethodAccessorImpl</class>
      <method>invoke</method>
      <line>43</line>
    </frame>
    <frame>
      <class>java.lang.reflect.Method</class>
      <method>invoke</method>
      <line>498</line>
    </frame>
    <frame>
      <class>org.codehaus.groovy.tools.GroovyStarter</class>
      <method>rootLoader</method>
      <line>109</line>
    </frame>
    <frame>
      <class>org.codehaus.groovy.tools.GroovyStarter</class>
      <method>main</method>
      <line>131</line>
    </frame>
  </exception>
  <nestedLevel>0</nestedLevel>
</record>
<record>
  <date>2018-09-10T16:10:43</date>
  <millis>1536570643442</millis>
  <sequence>138</sequence>
  <level>END</level>
  <class>com.kms.katalon.core.logging.KeywordLogger</class>
  <method>endTest</method>
  <thread>1</thread>
  <message>End Test Case : Test Cases/Payment/CheckoutPayment</message>
  <nestedLevel>0</nestedLevel>
</record>
<record>
  <date>2018-09-10T16:10:43</date>
  <millis>1536570643581</millis>
  <sequence>139</sequence>
  <level>END</level>
  <class>com.kms.katalon.core.logging.KeywordLogger</class>
  <method>endSuite</method>
  <thread>1</thread>
  <message>End Test Suite : Test Suites/Login</message>
  <nestedLevel>0</nestedLevel>
</record>
</log>
